#
# There is insufficient memory for the Java Runtime Environment to continue.
# Native memory allocation (malloc) failed to allocate 608096 bytes for Chunk::new
# Possible reasons:
#   The system is out of physical RAM or swap space
#   In 32 bit mode, the process size limit was hit
# Possible solutions:
#   Reduce memory load on the system
#   Increase physical memory or swap space
#   Check if swap backing store is full
#   Use 64 bit Java on a 64 bit OS
#   Decrease Java heap size (-Xmx/-Xms)
#   Decrease number of Java threads
#   Decrease Java thread stack sizes (-Xss)
#   Set larger code cache with -XX:ReservedCodeCacheSize=
# This output file may be truncated or incomplete.
#
#  Out of Memory Error (allocation.cpp:328), pid=10060, tid=9128
#
# JRE version: 7.0_17-b02
# Java VM: Java HotSpot(TM) 64-Bit Server VM (23.7-b01 mixed mode windows-amd64 compressed oops)
# Failed to write core dump. Minidumps are not enabled by default on client versions of Windows
#

---------------  T H R E A D  ---------------

Current thread (0x00000000095af800):  JavaThread "C2 CompilerThread1" daemon [_thread_in_native, id=9128, stack(0x000000000ac40000,0x000000000ad40000)]

Stack: [0x000000000ac40000,0x000000000ad40000]

Current CompileTask:
C2:   4288  421             com.android.dx.ssa.SCCP::simulateBranch (666 bytes)


---------------  P R O C E S S  ---------------

Java Threads: ( => current thread )
  0x000000000b12e000 JavaThread "pool-1-thread-4" [_thread_blocked, id=9300, stack(0x000000000b740000,0x000000000b840000)]
  0x000000000b120800 JavaThread "pool-1-thread-3" [_thread_blocked, id=6612, stack(0x000000000b640000,0x000000000b740000)]
  0x000000000b11f800 JavaThread "pool-1-thread-2" [_thread_blocked, id=6584, stack(0x000000000b540000,0x000000000b640000)]
  0x000000000b11f000 JavaThread "pool-2-thread-1" [_thread_blocked, id=9832, stack(0x000000000b440000,0x000000000b540000)]
  0x000000000afec000 JavaThread "pool-1-thread-1" [_thread_blocked, id=9640, stack(0x000000000b340000,0x000000000b440000)]
  0x00000000095b2800 JavaThread "Service Thread" daemon [_thread_blocked, id=8412, stack(0x000000000ad40000,0x000000000ae40000)]
=>0x00000000095af800 JavaThread "C2 CompilerThread1" daemon [_thread_in_native, id=9128, stack(0x000000000ac40000,0x000000000ad40000)]
  0x000000000957c000 JavaThread "C2 CompilerThread0" daemon [_thread_in_native, id=9320, stack(0x000000000ab40000,0x000000000ac40000)]
  0x000000000957b000 JavaThread "Attach Listener" daemon [_thread_blocked, id=8844, stack(0x000000000aa40000,0x000000000ab40000)]
  0x00000000095a0000 JavaThread "Signal Dispatcher" daemon [_thread_blocked, id=5876, stack(0x000000000a940000,0x000000000aa40000)]
  0x0000000009512000 JavaThread "Finalizer" daemon [_thread_blocked, id=9444, stack(0x000000000a840000,0x000000000a940000)]
  0x000000000950e800 JavaThread "Reference Handler" daemon [_thread_blocked, id=5560, stack(0x000000000a740000,0x000000000a840000)]
  0x00000000029ce000 JavaThread "main" [_thread_blocked, id=9964, stack(0x0000000002db0000,0x0000000002eb0000)]

Other Threads:
  0x0000000009506000 VMThread [stack: 0x000000000a640000,0x000000000a740000] [id=2032]
  0x00000000095c3800 WatcherThread [stack: 0x000000000ae40000,0x000000000af40000] [id=2888]

VM state:not at safepoint (normal execution)

VM Mutex/Monitor currently owned by a thread: None

Heap
 PSYoungGen      total 37376K, used 28462K [0x00000000eaab0000, 0x00000000ef3b0000, 0x0000000100000000)
  eden space 32064K, 72% used [0x00000000eaab0000,0x00000000ec14f098,0x00000000eca00000)
  from space 5312K, 99% used [0x00000000ecf30000,0x00000000ed45cab8,0x00000000ed460000)
  to   space 5312K, 0% used [0x00000000eca00000,0x00000000eca00000,0x00000000ecf30000)
 ParOldGen       total 85504K, used 6134K [0x00000000c0000000, 0x00000000c5380000, 0x00000000eaab0000)
  object space 85504K, 7% used [0x00000000c0000000,0x00000000c05fd900,0x00000000c5380000)
 PSPermGen       total 21248K, used 5999K [0x00000000bae00000, 0x00000000bc2c0000, 0x00000000c0000000)
  object space 21248K, 28% used [0x00000000bae00000,0x00000000bb3dbe80,0x00000000bc2c0000)

Card table byte_map: [0x0000000006170000,0x00000000063a0000] byte_map_base: 0x0000000005b99000

Polling page: 0x0000000000f30000

Code Cache  [0x00000000030b0000, 0x0000000003320000, 0x00000000060b0000)
 total_blobs=656 nmethods=419 adapters=188 free_code_cache=47469Kb largest_free_block=48572096

Compilation events (10 events):
Event: 4.256 Thread 0x00000000095af800 nmethod 415 0x000000000324c5d0 code [0x000000000324c700, 0x000000000324c798]
Event: 4.256 Thread 0x00000000095af800  417             com.android.dx.rop.code.PlainCstInsn::accept (8 bytes)
Event: 4.256 Thread 0x00000000095af800 nmethod 417 0x0000000003244390 code [0x00000000032444e0, 0x0000000003244558]
Event: 4.256 Thread 0x00000000095af800  418             com.android.dx.cf.code.BaseMachine::resultCount (22 bytes)
Event: 4.257 Thread 0x00000000095af800 nmethod 418 0x0000000003244190 code [0x00000000032442c0, 0x0000000003244318]
Event: 4.257 Thread 0x00000000095af800  419             com.android.dx.cf.iface.StdMember::getAccessFlags (5 bytes)
Event: 4.257 Thread 0x00000000095af800 nmethod 419 0x0000000003243f90 code [0x00000000032440c0, 0x0000000003244118]
Event: 4.257 Thread 0x00000000095af800  420             com.android.dx.ssa.PhiInsn::predBlocksForReg (73 bytes)
Event: 4.267 Thread 0x00000000095af800 nmethod 420 0x000000000324d410 code [0x000000000324d5a0, 0x000000000324daa8]
Event: 4.267 Thread 0x00000000095af800  421             com.android.dx.ssa.SCCP::simulateBranch (666 bytes)

GC Heap History (4 events):
Event: 1.933 GC heap before
{Heap before GC invocations=1 (full 0):
 PSYoungGen      total 37376K, used 32064K [0x00000000eaab0000, 0x00000000ed460000, 0x0000000100000000)
  eden space 32064K, 100% used [0x00000000eaab0000,0x00000000eca00000,0x00000000eca00000)
  from space 5312K, 0% used [0x00000000ecf30000,0x00000000ecf30000,0x00000000ed460000)
  to   space 5312K, 0% used [0x00000000eca00000,0x00000000eca00000,0x00000000ecf30000)
 ParOldGen       total 85504K, used 0K [0x00000000c0000000, 0x00000000c5380000, 0x00000000eaab0000)
  object space 85504K, 0% used [0x00000000c0000000,0x00000000c0000000,0x00000000c5380000)
 PSPermGen       total 21248K, used 5891K [0x00000000bae00000, 0x00000000bc2c0000, 0x00000000c0000000)
  object space 21248K, 27% used [0x00000000bae00000,0x00000000bb3c0c98,0x00000000bc2c0000)
Event: 1.943 GC heap after
Heap after GC invocations=1 (full 0):
 PSYoungGen      total 37376K, used 5308K [0x00000000eaab0000, 0x00000000ed460000, 0x0000000100000000)
  eden space 32064K, 0% used [0x00000000eaab0000,0x00000000eaab0000,0x00000000eca00000)
  from space 5312K, 99% used [0x00000000eca00000,0x00000000ecf2f208,0x00000000ecf30000)
  to   space 5312K, 0% used [0x00000000ecf30000,0x00000000ecf30000,0x00000000ed460000)
 ParOldGen       total 85504K, used 1426K [0x00000000c0000000, 0x00000000c5380000, 0x00000000eaab0000)
  object space 85504K, 1% used [0x00000000c0000000,0x00000000c0164b00,0x00000000c5380000)
 PSPermGen       total 21248K, used 5891K [0x00000000bae00000, 0x00000000bc2c0000, 0x00000000c0000000)
  object space 21248K, 27% used [0x00000000bae00000,0x00000000bb3c0c98,0x00000000bc2c0000)
}
Event: 3.142 GC heap before
{Heap before GC invocations=2 (full 0):
 PSYoungGen      total 37376K, used 37372K [0x00000000eaab0000, 0x00000000ed460000, 0x0000000100000000)
  eden space 32064K, 100% used [0x00000000eaab0000,0x00000000eca00000,0x00000000eca00000)
  from space 5312K, 99% used [0x00000000eca00000,0x00000000ecf2f208,0x00000000ecf30000)
  to   space 5312K, 0% used [0x00000000ecf30000,0x00000000ecf30000,0x00000000ed460000)
 ParOldGen       total 85504K, used 1426K [0x00000000c0000000, 0x00000000c5380000, 0x00000000eaab0000)
  object space 85504K, 1% used [0x00000000c0000000,0x00000000c0164b00,0x00000000c5380000)
 PSPermGen       total 21248K, used 5961K [0x00000000bae00000, 0x00000000bc2c0000, 0x00000000c0000000)
  object space 21248K, 28% used [0x00000000bae00000,0x00000000bb3d2460,0x00000000bc2c0000)
Event: 3.289 GC heap after
Heap after GC invocations=2 (full 0):
 PSYoungGen      total 37376K, used 5298K [0x00000000eaab0000, 0x00000000ef3b0000, 0x0000000100000000)
  eden space 32064K, 0% used [0x00000000eaab0000,0x00000000eaab0000,0x00000000eca00000)
  from space 5312K, 99% used [0x00000000ecf30000,0x00000000ed45cab8,0x00000000ed460000)
  to   space 5312K, 0% used [0x00000000eca00000,0x00000000eca00000,0x00000000ecf30000)
 ParOldGen       total 85504K, used 6134K [0x00000000c0000000, 0x00000000c5380000, 0x00000000eaab0000)
  object space 85504K, 7% used [0x00000000c0000000,0x00000000c05fd900,0x00000000c5380000)
 PSPermGen       total 21248K, used 5961K [0x00000000bae00000, 0x00000000bc2c0000, 0x00000000c0000000)
  object space 21248K, 28% used [0x00000000bae00000,0x00000000bb3d2460,0x00000000bc2c0000)
}

Deoptimization events (10 events):
Event: 3.060 Thread 0x00000000029ce000 Uncommon trap -34 fr.pc 0x00000000031e393c
Event: 3.061 Thread 0x00000000029ce000 Uncommon trap -34 fr.pc 0x00000000031e393c
Event: 3.063 Thread 0x00000000029ce000 Uncommon trap -58 fr.pc 0x0000000003180fa4
Event: 3.070 Thread 0x000000000b12e000 Uncommon trap -34 fr.pc 0x00000000031e393c
Event: 3.071 Thread 0x000000000b12e000 Uncommon trap -34 fr.pc 0x00000000031e393c
Event: 3.795 Thread 0x00000000029ce000 Uncommon trap -12 fr.pc 0x00000000031f9600
Event: 3.823 Thread 0x00000000029ce000 Uncommon trap -83 fr.pc 0x0000000003184268
Event: 3.824 Thread 0x00000000029ce000 Uncommon trap 78 fr.pc 0x00000000031ca7f0
Event: 3.833 Thread 0x000000000afec000 Uncommon trap -12 fr.pc 0x0000000003209b5c
Event: 3.896 Thread 0x00000000029ce000 Uncommon trap -12 fr.pc 0x0000000003209ba0

Internal exceptions (10 events):
Event: 1.081 Thread 0x000000000b120800 Implicit null exception at 0x000000000313511f to 0x0000000003135485
Event: 1.252 Thread 0x00000000029ce000 Threw 0x00000000ebb9a4a8 at C:\jdk7u2_64p\jdk7u17\hotspot\src\share\vm\prims\jvm.cpp:1166
Event: 1.510 Thread 0x000000000b12e000 Implicit null exception at 0x0000000003141812 to 0x0000000003141902
Event: 1.863 Thread 0x00000000029ce000 Threw 0x00000000ec557a80 at C:\jdk7u2_64p\jdk7u17\hotspot\src\share\vm\prims\jvm.cpp:1166
Event: 1.881 Thread 0x00000000029ce000 Implicit null exception at 0x000000000317bfbf to 0x000000000317c6ad
Event: 3.795 Thread 0x00000000029ce000 Implicit null exception at 0x00000000031f83eb to 0x00000000031f95c9
Event: 3.825 Thread 0x00000000029ce000 Threw 0x00000000ead71768 at C:\jdk7u2_64p\jdk7u17\hotspot\src\share\vm\prims\jvm.cpp:1166
Event: 3.833 Thread 0x000000000afec000 Implicit null exception at 0x00000000032092c8 to 0x0000000003209b4d
Event: 3.896 Thread 0x00000000029ce000 Implicit null exception at 0x0000000003209504 to 0x0000000003209b91
Event: 4.117 Thread 0x000000000b120800 Threw 0x00000000ebc04328 at C:\jdk7u2_64p\jdk7u17\hotspot\src\share\vm\prims\jvm.cpp:1166

Events (10 events):
Event: 3.824 loading class 0x000000000b123fe0
Event: 3.824 loading class 0x000000000b123fe0 done
Event: 3.826 Thread 0x00000000029ce000 DEOPT PACKING pc=0x00000000031ca7f0 sp=0x0000000002eae970
Event: 3.826 Thread 0x00000000029ce000 DEOPT UNPACKING pc=0x00000000030e9164 sp=0x0000000002eae8f8 mode 2
Event: 3.833 Thread 0x000000000afec000 DEOPT PACKING pc=0x0000000003209b5c sp=0x000000000b43f100
Event: 3.833 Thread 0x000000000afec000 DEOPT UNPACKING pc=0x00000000030e9164 sp=0x000000000b43f038 mode 2
Event: 3.896 Thread 0x00000000029ce000 DEOPT PACKING pc=0x0000000003209ba0 sp=0x0000000002eaed80
Event: 3.896 Thread 0x00000000029ce000 DEOPT UNPACKING pc=0x00000000030e9164 sp=0x0000000002eaecb8 mode 2
Event: 4.117 loading class 0x000000000b1239e0
Event: 4.117 loading class 0x000000000b1239e0 done


Dynamic libraries:
0x00007ff7983a0000 - 0x00007ff7983d3000 	C:\Program Files\Java\jdk1.7.0_17\bin\java.exe
0x00007ff9e92e0000 - 0x00007ff9e94a1000 	C:\Windows\SYSTEM32\ntdll.dll
0x00007ff9e6fb0000 - 0x00007ff9e705d000 	C:\Windows\system32\KERNEL32.DLL
0x00007ff9e61a0000 - 0x00007ff9e637d000 	C:\Windows\system32\KERNELBASE.dll
0x00007ff9e7380000 - 0x00007ff9e7426000 	C:\Windows\system32\ADVAPI32.dll
0x00007ff9e6d80000 - 0x00007ff9e6e1d000 	C:\Windows\system32\msvcrt.dll
0x00007ff9e8cc0000 - 0x00007ff9e8d1b000 	C:\Windows\system32\sechost.dll
0x00007ff9e91a0000 - 0x00007ff9e92c6000 	C:\Windows\system32\RPCRT4.dll
0x00007ff9e6b70000 - 0x00007ff9e6cbe000 	C:\Windows\system32\USER32.dll
0x00007ff9e6e20000 - 0x00007ff9e6fa6000 	C:\Windows\system32\GDI32.dll
0x00007ff9e0830000 - 0x00007ff9e0aa4000 	C:\Windows\WinSxS\amd64_microsoft.windows.common-controls_6595b64144ccf1df_6.0.10240.16384_none_f41f7b285750ef43\COMCTL32.dll
0x00007ff9e8c60000 - 0x00007ff9e8c96000 	C:\Windows\system32\IMM32.DLL
0x00007ff9e7560000 - 0x00007ff9e76bc000 	C:\Windows\system32\MSCTF.dll
0x00007ff9e5c00000 - 0x00007ff9e5c31000 	C:\Windows\system32\nvinitx.dll
0x00007ff9e5bf0000 - 0x00007ff9e5bfa000 	C:\Windows\SYSTEM32\VERSION.dll
0x000000000f000000 - 0x000000000f006000 	C:\Program Files\NVIDIA Corporation\CoProcManager\_etoured.dll
0x00007ff9e36c0000 - 0x00007ff9e36f2000 	C:\Program Files\NVIDIA Corporation\CoProcManager\nvd3d9wrapx.dll
0x00007ff9e7140000 - 0x00007ff9e7305000 	C:\Windows\system32\SETUPAPI.dll
0x00007ff9e5e60000 - 0x00007ff9e5ea4000 	C:\Windows\system32\CFGMGR32.dll
0x00007ff9e3650000 - 0x00007ff9e3672000 	C:\Program Files\NVIDIA Corporation\CoProcManager\nvdxgiwrapx.dll
0x00000000562e0000 - 0x00000000563b1000 	C:\Program Files\Java\jdk1.7.0_17\jre\bin\msvcr100.dll
0x0000000056a10000 - 0x000000005712f000 	C:\Program Files\Java\jdk1.7.0_17\jre\bin\server\jvm.dll
0x00007ff9e8c50000 - 0x00007ff9e8c58000 	C:\Windows\system32\PSAPI.DLL
0x00007ff9dad60000 - 0x00007ff9dad69000 	C:\Windows\SYSTEM32\WSOCK32.dll
0x00007ff9e7490000 - 0x00007ff9e74f9000 	C:\Windows\system32\WS2_32.dll
0x00007ff9e92d0000 - 0x00007ff9e92d8000 	C:\Windows\system32\NSI.dll
0x00007ff9e4340000 - 0x00007ff9e4363000 	C:\Windows\SYSTEM32\WINMM.dll
0x00007ff9e42e0000 - 0x00007ff9e430c000 	C:\Windows\SYSTEM32\WINMMBASE.dll
0x00007ff9e4590000 - 0x00007ff9e45b7000 	C:\Windows\SYSTEM32\DEVOBJ.dll
0x0000000056a00000 - 0x0000000056a0f000 	C:\Program Files\Java\jdk1.7.0_17\jre\bin\verify.dll
0x00000000569d0000 - 0x00000000569f8000 	C:\Program Files\Java\jdk1.7.0_17\jre\bin\java.dll
0x00000000569b0000 - 0x00000000569c5000 	C:\Program Files\Java\jdk1.7.0_17\jre\bin\zip.dll
0x0000000056990000 - 0x00000000569a9000 	C:\Program Files\Java\jdk1.7.0_17\jre\bin\net.dll
0x00007ff9e54d0000 - 0x00007ff9e552d000 	C:\Windows\system32\mswsock.dll
0x0000000056970000 - 0x0000000056981000 	C:\Program Files\Java\jdk1.7.0_17\jre\bin\nio.dll

VM Arguments:
jvm_args: -Xmx1024M -Dfile.encoding=GBK -Duser.country=CN -Duser.language=zh -Duser.variant 
java_command: com.android.dx.command.Main --dex --num-threads=4 --output D:\sjs\android_projects\save项目\Save\app\build\intermediates\pre-dexed\debug\internal_impl-22.2.1-9d530f2e58c8f4c541925f1ca49aa59a88ca7d7f.jar D:\sjs\android_projects\save项目\Save\app\build\intermediates\exploded-aar\com.android.support\support-v4\22.2.1\jars\libs\internal_impl-22.2.1.jar
Launcher Type: SUN_STANDARD

Environment Variables:
JAVA_HOME=C:\Program Files\Java\jdk1.7.0_17
CLASSPATH= .;C:\Program Files\Java\jdk1.7.0_17\lib;C:\Program Files\Java\jdk1.7.0_17\lib\tools.jar
PATH=C:\Program Files (x86)\Intel\iCLS Client\;C:\Program Files\Intel\iCLS Client\;C:\Windows\system32;C:\Windows;C:\Windows\System32\Wbem;C:\Windows\System32\WindowsPowerShell\v1.0\;C:\Program Files\Java\jdk1.7.0_17\bin;C:\Program Files\Java\jdk1.7.0_17\jre\bin;D:\sjs备份文件\adt-bundle-windows-x86_64-20131030\sdk\platform-tools;D:\sjs备份文件\adt-bundle-windows-x86_64-20131030\sdk\tools;;C:\Program Files (x86)\NVIDIA Corporation\PhysX\Common;C:\Program Files (x86)\Windows Kits\8.1\Windows Performance Toolkit\;C:\Program Files\Microsoft SQL Server\110\Tools\Binn\;C:\Python27;C:\Program Files (x86)\QuickTime\QTSystem\
USERNAME=xdsjs
OS=Windows_NT
PROCESSOR_IDENTIFIER=Intel64 Family 6 Model 58 Stepping 9, GenuineIntel



---------------  S Y S T E M  ---------------

OS: Windows 8 , 64 bit Build 9200 

CPU:total 4 (2 cores per cpu, 2 threads per core) family 6 model 58 stepping 9, cmov, cx8, fxsr, mmx, sse, sse2, sse3, ssse3, sse4.1, sse4.2, popcnt, avx, ht, tsc, tscinvbit, tscinv

Memory: 4k page, physical 8202600k(1869804k free), swap 8202600k(5848k free)

vm_info: Java HotSpot(TM) 64-Bit Server VM (23.7-b01) for windows-amd64 JRE (1.7.0_17-b02), built on Mar  1 2013 03:38:30 by "java_re" with unknown MS VC++:1600

time: Thu Oct 22 20:51:16 2015
elapsed time: 4 seconds

