#
# There is insufficient memory for the Java Runtime Environment to continue.
# Native memory allocation (malloc) failed to allocate 1048576 bytes for E in C:\jdk7u2_64p\jdk7u17\hotspot\src\share\vm\utilities/taskqueue.hpp
# Possible reasons:
#   The system is out of physical RAM or swap space
#   In 32 bit mode, the process size limit was hit
# Possible solutions:
#   Reduce memory load on the system
#   Increase physical memory or swap space
#   Check if swap backing store is full
#   Use 64 bit Java on a 64 bit OS
#   Decrease Java heap size (-Xmx/-Xms)
#   Decrease number of Java threads
#   Decrease Java thread stack sizes (-Xss)
#   Set larger code cache with -XX:ReservedCodeCacheSize=
# This output file may be truncated or incomplete.
#
#  Out of Memory Error (memory/allocation.inline.hpp:58), pid=2832, tid=1188
#
# JRE version: 7.0_17-b02
# Java VM: Java HotSpot(TM) 64-Bit Server VM (23.7-b01 mixed mode windows-amd64 compressed oops)
# Failed to write core dump. Minidumps are not enabled by default on client versions of Windows
#

---------------  T H R E A D  ---------------

Current thread (0x000000000272e000):  JavaThread "Unknown thread" [_thread_in_vm, id=1188, stack(0x00000000020e0000,0x00000000021e0000)]

Stack: [0x00000000020e0000,0x00000000021e0000]

---------------  P R O C E S S  ---------------

Java Threads: ( => current thread )

Other Threads:

=>0x000000000272e000 (exited) JavaThread "Unknown thread" [_thread_in_vm, id=1188, stack(0x00000000020e0000,0x00000000021e0000)]

VM state:not at safepoint (normal execution)

VM Mutex/Monitor currently owned by a thread: None

Heap
 PSYoungGen      total 37376K, used 641K [0x00000000eaab0000, 0x00000000ed460000, 0x0000000100000000)
  eden space 32064K, 2% used [0x00000000eaab0000,0x00000000eab50588,0x00000000eca00000)
  from space 5312K, 0% used [0x00000000ecf30000,0x00000000ecf30000,0x00000000ed460000)
  to   space 5312K, 0% used [0x00000000eca00000,0x00000000eca00000,0x00000000ecf30000)
 ParOldGen       total 85504K, used 0K [0x00000000c0000000, 0x00000000c5380000, 0x00000000eaab0000)
  object space 85504K, 0% used [0x00000000c0000000,0x00000000c0000000,0x00000000c5380000)
 PSPermGen       total 21248K, used 702K [0x00000000bae00000, 0x00000000bc2c0000, 0x00000000c0000000)
  object space 21248K, 3% used [0x00000000bae00000,0x00000000baeafb18,0x00000000bc2c0000)

Card table byte_map: [0x00000000057f0000,0x0000000005a20000] byte_map_base: 0x0000000005219000

Polling page: 0x0000000000830000

Code Cache  [0x0000000002730000, 0x00000000029a0000, 0x0000000005730000)
 total_blobs=39 nmethods=0 adapters=20 free_code_cache=48889Kb largest_free_block=50062912

Compilation events (0 events):
No events

GC Heap History (0 events):
No events

Deoptimization events (0 events):
No events

Internal exceptions (0 events):
No events

Events (10 events):
Event: 0.023 loading class 0x00000000025950b0
Event: 0.023 loading class 0x00000000025950b0 done
Event: 0.023 loading class 0x00000000025956e0
Event: 0.023 loading class 0x00000000025956e0 done
Event: 0.023 loading class 0x0000000002595050
Event: 0.023 loading class 0x0000000002595050 done
Event: 0.024 loading class 0x00000000025caab0
Event: 0.024 loading class 0x00000000025caab0 done
Event: 0.024 loading class 0x00000000025ca8b0
Event: 0.024 loading class 0x00000000025ca8b0 done


Dynamic libraries:
0x00007ff705220000 - 0x00007ff705253000 	C:\Program Files\Java\jdk1.7.0_17\bin\java.exe
0x00007ffa90890000 - 0x00007ffa90a51000 	C:\Windows\SYSTEM32\ntdll.dll
0x00007ffa90570000 - 0x00007ffa9061d000 	C:\Windows\system32\KERNEL32.DLL
0x00007ffa8dd80000 - 0x00007ffa8df5d000 	C:\Windows\system32\KERNELBASE.dll
0x00007ffa8fcc0000 - 0x00007ffa8fd66000 	C:\Windows\system32\ADVAPI32.dll
0x00007ffa907f0000 - 0x00007ffa9088d000 	C:\Windows\system32\msvcrt.dll
0x00007ffa90790000 - 0x00007ffa907eb000 	C:\Windows\system32\sechost.dll
0x00007ffa90660000 - 0x00007ffa90786000 	C:\Windows\system32\RPCRT4.dll
0x00007ffa8e530000 - 0x00007ffa8e67e000 	C:\Windows\system32\USER32.dll
0x00007ffa8fd70000 - 0x00007ffa8fef6000 	C:\Windows\system32\GDI32.dll
0x00007ffa87d00000 - 0x00007ffa87f74000 	C:\Windows\WinSxS\amd64_microsoft.windows.common-controls_6595b64144ccf1df_6.0.10240.16384_none_f41f7b285750ef43\COMCTL32.dll
0x00007ffa90620000 - 0x00007ffa90656000 	C:\Windows\system32\IMM32.DLL
0x00007ffa8e200000 - 0x00007ffa8e35c000 	C:\Windows\system32\MSCTF.dll
0x00007ffa8d1b0000 - 0x00007ffa8d1e1000 	C:\Windows\system32\nvinitx.dll
0x00007ffa8d1a0000 - 0x00007ffa8d1aa000 	C:\Windows\SYSTEM32\VERSION.dll
0x000000000f000000 - 0x000000000f006000 	C:\Program Files\NVIDIA Corporation\CoProcManager\_etoured.dll
0x00007ffa8ad30000 - 0x00007ffa8ad62000 	C:\Program Files\NVIDIA Corporation\CoProcManager\nvd3d9wrapx.dll
0x00007ffa8e360000 - 0x00007ffa8e525000 	C:\Windows\system32\SETUPAPI.dll
0x00007ffa8d360000 - 0x00007ffa8d3a4000 	C:\Windows\system32\CFGMGR32.dll
0x00007ffa8ad00000 - 0x00007ffa8ad22000 	C:\Program Files\NVIDIA Corporation\CoProcManager\nvdxgiwrapx.dll
0x0000000065650000 - 0x0000000065721000 	C:\Program Files\Java\jdk1.7.0_17\jre\bin\msvcr100.dll
0x0000000065ad0000 - 0x00000000661ef000 	C:\Program Files\Java\jdk1.7.0_17\jre\bin\server\jvm.dll
0x00007ffa90490000 - 0x00007ffa90498000 	C:\Windows\system32\PSAPI.DLL
0x00007ffa838e0000 - 0x00007ffa838e9000 	C:\Windows\SYSTEM32\WSOCK32.dll
0x00007ffa90340000 - 0x00007ffa903a9000 	C:\Windows\system32\WS2_32.dll
0x00007ffa8ff00000 - 0x00007ffa8ff08000 	C:\Windows\system32\NSI.dll
0x00007ffa8b8c0000 - 0x00007ffa8b8e3000 	C:\Windows\SYSTEM32\WINMM.dll
0x00007ffa8b890000 - 0x00007ffa8b8bc000 	C:\Windows\SYSTEM32\WINMMBASE.dll
0x00007ffa8bb40000 - 0x00007ffa8bb67000 	C:\Windows\SYSTEM32\DEVOBJ.dll
0x0000000065ac0000 - 0x0000000065acf000 	C:\Program Files\Java\jdk1.7.0_17\jre\bin\verify.dll
0x0000000065a90000 - 0x0000000065ab8000 	C:\Program Files\Java\jdk1.7.0_17\jre\bin\java.dll
0x0000000065a70000 - 0x0000000065a85000 	C:\Program Files\Java\jdk1.7.0_17\jre\bin\zip.dll

VM Arguments:
jvm_args: -Xmx1024M -Dfile.encoding=GBK -Duser.country=CN -Duser.language=zh -Duser.variant 
java_command: com.android.dx.command.Main --dex --num-threads=4 --output D:\sjs\android_projects\save项目\Save\app\build\intermediates\pre-dexed\debug\classes-a5706ec4346a8ebed16442e0ba3371b37c9c3402.jar D:\sjs\android_projects\save项目\Save\app\build\intermediates\exploded-aar\com.astuetz\pagerslidingtabstrip\1.0.1\jars\classes.jar
Launcher Type: SUN_STANDARD

Environment Variables:
JAVA_HOME=C:\Program Files\Java\jdk1.7.0_17
CLASSPATH= .;C:\Program Files\Java\jdk1.7.0_17\lib;C:\Program Files\Java\jdk1.7.0_17\lib\tools.jar
PATH=C:\Program Files (x86)\Intel\iCLS Client\;C:\Program Files\Intel\iCLS Client\;C:\Windows\system32;C:\Windows;C:\Windows\System32\Wbem;C:\Windows\System32\WindowsPowerShell\v1.0\;C:\Program Files\Java\jdk1.7.0_17\bin;C:\Program Files\Java\jdk1.7.0_17\jre\bin;D:\sjs备份文件\adt-bundle-windows-x86_64-20131030\sdk\platform-tools;D:\sjs备份文件\adt-bundle-windows-x86_64-20131030\sdk\tools;;C:\Program Files (x86)\NVIDIA Corporation\PhysX\Common;C:\Program Files (x86)\Windows Kits\8.1\Windows Performance Toolkit\;C:\Program Files\Microsoft SQL Server\110\Tools\Binn\;C:\Python27;C:\Program Files (x86)\QuickTime\QTSystem\
USERNAME=xdsjs
OS=Windows_NT
PROCESSOR_IDENTIFIER=Intel64 Family 6 Model 58 Stepping 9, GenuineIntel



---------------  S Y S T E M  ---------------

OS: Windows 8 , 64 bit Build 9200 

CPU:total 4 (2 cores per cpu, 2 threads per core) family 6 model 58 stepping 9, cmov, cx8, fxsr, mmx, sse, sse2, sse3, ssse3, sse4.1, sse4.2, popcnt, avx, ht, tsc, tscinvbit, tscinv

Memory: 4k page, physical 8202600k(2012712k free), swap 8202600k(159272k free)

vm_info: Java HotSpot(TM) 64-Bit Server VM (23.7-b01) for windows-amd64 JRE (1.7.0_17-b02), built on Mar  1 2013 03:38:30 by "java_re" with unknown MS VC++:1600

time: Sat Oct 24 19:55:20 2015
elapsed time: 0 seconds

