#
# There is insufficient memory for the Java Runtime Environment to continue.
# Native memory allocation (malloc) failed to allocate 281856 bytes for Chunk::new
# Possible reasons:
#   The system is out of physical RAM or swap space
#   In 32 bit mode, the process size limit was hit
# Possible solutions:
#   Reduce memory load on the system
#   Increase physical memory or swap space
#   Check if swap backing store is full
#   Use 64 bit Java on a 64 bit OS
#   Decrease Java heap size (-Xmx/-Xms)
#   Decrease number of Java threads
#   Decrease Java thread stack sizes (-Xss)
#   Set larger code cache with -XX:ReservedCodeCacheSize=
# This output file may be truncated or incomplete.
#
#  Out of Memory Error (allocation.cpp:328), pid=8680, tid=8544
#
# JRE version: 7.0_17-b02
# Java VM: Java HotSpot(TM) 64-Bit Server VM (23.7-b01 mixed mode windows-amd64 compressed oops)
# Failed to write core dump. Minidumps are not enabled by default on client versions of Windows
#

---------------  T H R E A D  ---------------

Current thread (0x0000000009714000):  JavaThread "C2 CompilerThread1" daemon [_thread_in_native, id=8544, stack(0x000000000adc0000,0x000000000aec0000)]

Stack: [0x000000000adc0000,0x000000000aec0000]

Current CompileTask:
C2:    668   86             com.android.dx.ssa.SsaMethod::computeReachability (131 bytes)


---------------  P R O C E S S  ---------------

Java Threads: ( => current thread )
  0x000000000b1b9000 JavaThread "pool-1-thread-4" [_thread_in_Java, id=776, stack(0x000000000b8c0000,0x000000000b9c0000)]
  0x000000000b1a5000 JavaThread "pool-1-thread-3" [_thread_in_Java, id=5972, stack(0x000000000b7c0000,0x000000000b8c0000)]
  0x000000000b1a4000 JavaThread "pool-1-thread-2" [_thread_in_Java, id=7316, stack(0x000000000b6c0000,0x000000000b7c0000)]
  0x000000000b0ef000 JavaThread "pool-2-thread-1" [_thread_blocked, id=10092, stack(0x000000000b5c0000,0x000000000b6c0000)]
  0x000000000b129800 JavaThread "pool-1-thread-1" [_thread_in_vm, id=9316, stack(0x000000000b4c0000,0x000000000b5c0000)]
  0x0000000009723000 JavaThread "Service Thread" daemon [_thread_blocked, id=4608, stack(0x000000000aec0000,0x000000000afc0000)]
=>0x0000000009714000 JavaThread "C2 CompilerThread1" daemon [_thread_in_native, id=8544, stack(0x000000000adc0000,0x000000000aec0000)]
  0x00000000096ec000 JavaThread "C2 CompilerThread0" daemon [_thread_in_native, id=10008, stack(0x000000000acc0000,0x000000000adc0000)]
  0x00000000096eb000 JavaThread "Attach Listener" daemon [_thread_blocked, id=1292, stack(0x000000000abc0000,0x000000000acc0000)]
  0x0000000009710000 JavaThread "Signal Dispatcher" daemon [_thread_blocked, id=9164, stack(0x000000000aac0000,0x000000000abc0000)]
  0x0000000009682000 JavaThread "Finalizer" daemon [_thread_blocked, id=1428, stack(0x000000000a9c0000,0x000000000aac0000)]
  0x000000000967e800 JavaThread "Reference Handler" daemon [_thread_blocked, id=6564, stack(0x000000000a8c0000,0x000000000a9c0000)]
  0x00000000013be000 JavaThread "main" [_thread_in_vm, id=6512, stack(0x0000000003020000,0x0000000003120000)]

Other Threads:
  0x0000000009676000 VMThread [stack: 0x000000000a7c0000,0x000000000a8c0000] [id=3700]
  0x0000000009730000 WatcherThread [stack: 0x000000000afc0000,0x000000000b0c0000] [id=1316]

VM state:not at safepoint (normal execution)

VM Mutex/Monitor currently owned by a thread: None

Heap
 PSYoungGen      total 37376K, used 14781K [0x00000000eaab0000, 0x00000000ed460000, 0x0000000100000000)
  eden space 32064K, 46% used [0x00000000eaab0000,0x00000000eb91f698,0x00000000eca00000)
  from space 5312K, 0% used [0x00000000ecf30000,0x00000000ecf30000,0x00000000ed460000)
  to   space 5312K, 0% used [0x00000000eca00000,0x00000000eca00000,0x00000000ecf30000)
 ParOldGen       total 85504K, used 0K [0x00000000c0000000, 0x00000000c5380000, 0x00000000eaab0000)
  object space 85504K, 0% used [0x00000000c0000000,0x00000000c0000000,0x00000000c5380000)
 PSPermGen       total 21248K, used 5654K [0x00000000bae00000, 0x00000000bc2c0000, 0x00000000c0000000)
  object space 21248K, 26% used [0x00000000bae00000,0x00000000bb385b80,0x00000000bc2c0000)

Card table byte_map: [0x00000000062e0000,0x0000000006510000] byte_map_base: 0x0000000005d09000

Polling page: 0x00000000013a0000

Code Cache  [0x0000000003220000, 0x0000000003490000, 0x0000000006220000)
 total_blobs=321 nmethods=84 adapters=188 free_code_cache=48650Kb largest_free_block=49802112

Compilation events (10 events):
Event: 0.652 Thread 0x0000000009714000   81             com.android.dx.ssa.NormalSsaInsn::getOpcode (8 bytes)
Event: 0.652 Thread 0x0000000009714000 nmethod 81 0x000000000329a5d0 code [0x000000000329a700, 0x000000000329a778]
Event: 0.652 Thread 0x00000000096ec000   82             java.util.ArrayList::isEmpty (13 bytes)
Event: 0.652 Thread 0x00000000096ec000 nmethod 82 0x000000000329a3d0 code [0x000000000329a500, 0x000000000329a558]
Event: 0.653 Thread 0x0000000009714000   83             com.android.dx.rop.code.BasicBlockList::get (9 bytes)
Event: 0.653 Thread 0x00000000096ec000   84             com.android.dx.rop.code.RopMethod::calcPredecessors (227 bytes)
Event: 0.654 Thread 0x0000000009714000 nmethod 83 0x000000000329d250 code [0x000000000329d3a0, 0x000000000329d458]
Event: 0.654 Thread 0x0000000009714000   85             java.util.AbstractList::<init> (10 bytes)
Event: 0.654 Thread 0x0000000009714000 nmethod 85 0x000000000329d010 code [0x000000000329d140, 0x000000000329d198]
Event: 0.655 Thread 0x0000000009714000   86             com.android.dx.ssa.SsaMethod::computeReachability (131 bytes)

GC Heap History (0 events):
No events

Deoptimization events (4 events):
Event: 0.652 Thread 0x000000000b1b9000 Uncommon trap -12 fr.pc 0x000000000329c9d4
Event: 0.662 Thread 0x000000000b1b9000 Uncommon trap -34 fr.pc 0x0000000003296098
Event: 0.662 Thread 0x000000000b1b9000 Uncommon trap -34 fr.pc 0x0000000003296098
Event: 0.662 Thread 0x000000000b1b9000 Uncommon trap -34 fr.pc 0x0000000003296098

Internal exceptions (10 events):
Event: 0.503 Thread 0x000000000b129800 Threw 0x00000000eb053ba8 at C:\jdk7u2_64p\jdk7u17\hotspot\src\share\vm\prims\jvm.cpp:1166
Event: 0.506 Thread 0x000000000b1b9000 Threw 0x00000000eb3652b8 at C:\jdk7u2_64p\jdk7u17\hotspot\src\share\vm\prims\jvm.cpp:1166
Event: 0.506 Thread 0x000000000b1a5000 Threw 0x00000000eb393ab0 at C:\jdk7u2_64p\jdk7u17\hotspot\src\share\vm\prims\jvm.cpp:1166
Event: 0.507 Thread 0x000000000b1a5000 Threw 0x00000000eb398268 at C:\jdk7u2_64p\jdk7u17\hotspot\src\share\vm\prims\jvm.cpp:1166
Event: 0.509 Thread 0x000000000b1a5000 Threw 0x00000000eb3a1088 at C:\jdk7u2_64p\jdk7u17\hotspot\src\share\vm\prims\jvm.cpp:1166
Event: 0.516 Thread 0x00000000013be000 Threw 0x00000000eaf8ff98 at C:\jdk7u2_64p\jdk7u17\hotspot\src\share\vm\prims\jvm.cpp:1166
Event: 0.522 Thread 0x00000000013be000 Threw 0x00000000eaf9c658 at C:\jdk7u2_64p\jdk7u17\hotspot\src\share\vm\prims\jvm.cpp:1166
Event: 0.567 Thread 0x000000000b1a4000 Threw 0x00000000eb5956c8 at C:\jdk7u2_64p\jdk7u17\hotspot\src\share\vm\prims\jvm.cpp:1166
Event: 0.626 Thread 0x000000000b129800 Threw 0x00000000eb6d6bd0 at C:\jdk7u2_64p\jdk7u17\hotspot\src\share\vm\prims\jvm.cpp:1166
Event: 0.652 Thread 0x000000000b1b9000 Implicit null exception at 0x000000000329c65b to 0x000000000329c9c1

Events (10 events):
Event: 0.652 Thread 0x000000000b1b9000 DEOPT PACKING pc=0x000000000329c9d4 sp=0x000000000b9bebe0
Event: 0.652 Thread 0x000000000b1b9000 DEOPT UNPACKING pc=0x0000000003259164 sp=0x000000000b9beb30 mode 2
Event: 0.662 Thread 0x000000000b1b9000 DEOPT PACKING pc=0x0000000003296098 sp=0x000000000b9bee00
Event: 0.662 Thread 0x000000000b1b9000 DEOPT UNPACKING pc=0x0000000003259164 sp=0x000000000b9bed50 mode 2
Event: 0.662 Thread 0x000000000b1b9000 DEOPT PACKING pc=0x0000000003296098 sp=0x000000000b9bebb0
Event: 0.662 Thread 0x000000000b1b9000 DEOPT UNPACKING pc=0x0000000003259164 sp=0x000000000b9beb00 mode 2
Event: 0.662 Thread 0x000000000b1b9000 DEOPT PACKING pc=0x0000000003296098 sp=0x000000000b9beb60
Event: 0.662 Thread 0x000000000b1b9000 DEOPT UNPACKING pc=0x0000000003259164 sp=0x000000000b9beab0 mode 2
Event: 0.664 loading class 0x00000000095c94f0
Event: 0.664 loading class 0x00000000095c94f0 done


Dynamic libraries:
0x00007ff7983a0000 - 0x00007ff7983d3000 	C:\Program Files\Java\jdk1.7.0_17\bin\java.exe
0x00007ff9e92e0000 - 0x00007ff9e94a1000 	C:\Windows\SYSTEM32\ntdll.dll
0x00007ff9e6fb0000 - 0x00007ff9e705d000 	C:\Windows\system32\KERNEL32.DLL
0x00007ff9e61a0000 - 0x00007ff9e637d000 	C:\Windows\system32\KERNELBASE.dll
0x00007ff9e7380000 - 0x00007ff9e7426000 	C:\Windows\system32\ADVAPI32.dll
0x00007ff9e6d80000 - 0x00007ff9e6e1d000 	C:\Windows\system32\msvcrt.dll
0x00007ff9e8cc0000 - 0x00007ff9e8d1b000 	C:\Windows\system32\sechost.dll
0x00007ff9e91a0000 - 0x00007ff9e92c6000 	C:\Windows\system32\RPCRT4.dll
0x00007ff9e6b70000 - 0x00007ff9e6cbe000 	C:\Windows\system32\USER32.dll
0x00007ff9e6e20000 - 0x00007ff9e6fa6000 	C:\Windows\system32\GDI32.dll
0x00007ff9e0830000 - 0x00007ff9e0aa4000 	C:\Windows\WinSxS\amd64_microsoft.windows.common-controls_6595b64144ccf1df_6.0.10240.16384_none_f41f7b285750ef43\COMCTL32.dll
0x00007ff9e8c60000 - 0x00007ff9e8c96000 	C:\Windows\system32\IMM32.DLL
0x00007ff9e7560000 - 0x00007ff9e76bc000 	C:\Windows\system32\MSCTF.dll
0x00007ff9e5c00000 - 0x00007ff9e5c31000 	C:\Windows\system32\nvinitx.dll
0x00007ff9e5bf0000 - 0x00007ff9e5bfa000 	C:\Windows\SYSTEM32\VERSION.dll
0x000000000f000000 - 0x000000000f006000 	C:\Program Files\NVIDIA Corporation\CoProcManager\_etoured.dll
0x00007ff9e36c0000 - 0x00007ff9e36f2000 	C:\Program Files\NVIDIA Corporation\CoProcManager\nvd3d9wrapx.dll
0x00007ff9e7140000 - 0x00007ff9e7305000 	C:\Windows\system32\SETUPAPI.dll
0x00007ff9e5e60000 - 0x00007ff9e5ea4000 	C:\Windows\system32\CFGMGR32.dll
0x00007ff9e3650000 - 0x00007ff9e3672000 	C:\Program Files\NVIDIA Corporation\CoProcManager\nvdxgiwrapx.dll
0x00000000562e0000 - 0x00000000563b1000 	C:\Program Files\Java\jdk1.7.0_17\jre\bin\msvcr100.dll
0x0000000056a10000 - 0x000000005712f000 	C:\Program Files\Java\jdk1.7.0_17\jre\bin\server\jvm.dll
0x00007ff9e8c50000 - 0x00007ff9e8c58000 	C:\Windows\system32\PSAPI.DLL
0x00007ff9dad60000 - 0x00007ff9dad69000 	C:\Windows\SYSTEM32\WSOCK32.dll
0x00007ff9e7490000 - 0x00007ff9e74f9000 	C:\Windows\system32\WS2_32.dll
0x00007ff9e92d0000 - 0x00007ff9e92d8000 	C:\Windows\system32\NSI.dll
0x00007ff9e4340000 - 0x00007ff9e4363000 	C:\Windows\SYSTEM32\WINMM.dll
0x00007ff9e42e0000 - 0x00007ff9e430c000 	C:\Windows\SYSTEM32\WINMMBASE.dll
0x00007ff9e4590000 - 0x00007ff9e45b7000 	C:\Windows\SYSTEM32\DEVOBJ.dll
0x0000000056a00000 - 0x0000000056a0f000 	C:\Program Files\Java\jdk1.7.0_17\jre\bin\verify.dll
0x00000000569d0000 - 0x00000000569f8000 	C:\Program Files\Java\jdk1.7.0_17\jre\bin\java.dll
0x00000000569b0000 - 0x00000000569c5000 	C:\Program Files\Java\jdk1.7.0_17\jre\bin\zip.dll
0x0000000056990000 - 0x00000000569a9000 	C:\Program Files\Java\jdk1.7.0_17\jre\bin\net.dll
0x00007ff9e54d0000 - 0x00007ff9e552d000 	C:\Windows\system32\mswsock.dll
0x0000000056970000 - 0x0000000056981000 	C:\Program Files\Java\jdk1.7.0_17\jre\bin\nio.dll

VM Arguments:
jvm_args: -Xmx1024M -Dfile.encoding=GBK -Duser.country=CN -Duser.language=zh -Duser.variant 
java_command: com.android.dx.command.Main --dex --num-threads=4 --output D:\sjs\android_projects\save项目\Save\app\build\intermediates\pre-dexed\debug\nineoldandroids-library-2.4.0-8dc63bde4d43b2aa85b2d03aff388a551173dff1.jar D:\sjs\android_projects\save项目\Save\app\build\intermediates\exploded-aar\com.specyci\residemenu\1.6\jars\libs\nineoldandroids-library-2.4.0.jar
Launcher Type: SUN_STANDARD

Environment Variables:
JAVA_HOME=C:\Program Files\Java\jdk1.7.0_17
CLASSPATH= .;C:\Program Files\Java\jdk1.7.0_17\lib;C:\Program Files\Java\jdk1.7.0_17\lib\tools.jar
PATH=C:\Program Files (x86)\Intel\iCLS Client\;C:\Program Files\Intel\iCLS Client\;C:\Windows\system32;C:\Windows;C:\Windows\System32\Wbem;C:\Windows\System32\WindowsPowerShell\v1.0\;C:\Program Files\Java\jdk1.7.0_17\bin;C:\Program Files\Java\jdk1.7.0_17\jre\bin;D:\sjs备份文件\adt-bundle-windows-x86_64-20131030\sdk\platform-tools;D:\sjs备份文件\adt-bundle-windows-x86_64-20131030\sdk\tools;;C:\Program Files (x86)\NVIDIA Corporation\PhysX\Common;C:\Program Files (x86)\Windows Kits\8.1\Windows Performance Toolkit\;C:\Program Files\Microsoft SQL Server\110\Tools\Binn\;C:\Python27;C:\Program Files (x86)\QuickTime\QTSystem\
USERNAME=xdsjs
OS=Windows_NT
PROCESSOR_IDENTIFIER=Intel64 Family 6 Model 58 Stepping 9, GenuineIntel



---------------  S Y S T E M  ---------------

OS: Windows 8 , 64 bit Build 9200 

CPU:total 4 (2 cores per cpu, 2 threads per core) family 6 model 58 stepping 9, cmov, cx8, fxsr, mmx, sse, sse2, sse3, ssse3, sse4.1, sse4.2, popcnt, avx, ht, tsc, tscinvbit, tscinv

Memory: 4k page, physical 8202600k(2007468k free), swap 8202600k(5144k free)

vm_info: Java HotSpot(TM) 64-Bit Server VM (23.7-b01) for windows-amd64 JRE (1.7.0_17-b02), built on Mar  1 2013 03:38:30 by "java_re" with unknown MS VC++:1600

time: Thu Oct 22 20:51:22 2015
elapsed time: 0 seconds

