#
# There is insufficient memory for the Java Runtime Environment to continue.
# Native memory allocation (malloc) failed to allocate 960096 bytes for Chunk::new
# Possible reasons:
#   The system is out of physical RAM or swap space
#   In 32 bit mode, the process size limit was hit
# Possible solutions:
#   Reduce memory load on the system
#   Increase physical memory or swap space
#   Check if swap backing store is full
#   Use 64 bit Java on a 64 bit OS
#   Decrease Java heap size (-Xmx/-Xms)
#   Decrease number of Java threads
#   Decrease Java thread stack sizes (-Xss)
#   Set larger code cache with -XX:ReservedCodeCacheSize=
# This output file may be truncated or incomplete.
#
#  Out of Memory Error (allocation.cpp:328), pid=3348, tid=4808
#
# JRE version: 7.0_17-b02
# Java VM: Java HotSpot(TM) 64-Bit Server VM (23.7-b01 mixed mode windows-amd64 compressed oops)
# Failed to write core dump. Minidumps are not enabled by default on client versions of Windows
#

---------------  T H R E A D  ---------------

Current thread (0x00000000097c1000):  JavaThread "C2 CompilerThread0" daemon [_thread_in_native, id=4808, stack(0x000000000ad80000,0x000000000ae80000)]

Stack: [0x000000000ad80000,0x000000000ae80000]

Current CompileTask:
C2:   3174  312             com.android.dx.ssa.DeadCodeRemover::run (194 bytes)


---------------  P R O C E S S  ---------------

Java Threads: ( => current thread )
  0x000000000b347000 JavaThread "pool-1-thread-4" [_thread_in_Java, id=2276, stack(0x000000000b980000,0x000000000ba80000)]
  0x000000000b27f800 JavaThread "pool-1-thread-3" [_thread_in_Java, id=9112, stack(0x000000000b880000,0x000000000b980000)]
  0x000000000b346800 JavaThread "pool-1-thread-2" [_thread_in_Java, id=9504, stack(0x000000000b780000,0x000000000b880000)]
  0x000000000b2a3800 JavaThread "pool-2-thread-1" [_thread_blocked, id=2920, stack(0x000000000b680000,0x000000000b780000)]
  0x000000000b258800 JavaThread "pool-1-thread-1" [_thread_in_Java, id=8260, stack(0x000000000b580000,0x000000000b680000)]
  0x00000000097d7000 JavaThread "Service Thread" daemon [_thread_blocked, id=8400, stack(0x000000000af80000,0x000000000b080000)]
  0x00000000097c5000 JavaThread "C2 CompilerThread1" daemon [_thread_in_native, id=7968, stack(0x000000000ae80000,0x000000000af80000)]
=>0x00000000097c1000 JavaThread "C2 CompilerThread0" daemon [_thread_in_native, id=4808, stack(0x000000000ad80000,0x000000000ae80000)]
  0x000000000979b800 JavaThread "Attach Listener" daemon [_thread_blocked, id=4440, stack(0x000000000ac80000,0x000000000ad80000)]
  0x00000000097c0000 JavaThread "Signal Dispatcher" daemon [_thread_blocked, id=9360, stack(0x000000000ab80000,0x000000000ac80000)]
  0x0000000009732000 JavaThread "Finalizer" daemon [_thread_blocked, id=9824, stack(0x000000000aa80000,0x000000000ab80000)]
  0x000000000972e800 JavaThread "Reference Handler" daemon [_thread_blocked, id=8432, stack(0x000000000a980000,0x000000000aa80000)]
  0x00000000014de000 JavaThread "main" [_thread_in_Java, id=8116, stack(0x00000000030d0000,0x00000000031d0000)]

Other Threads:
  0x0000000009726000 VMThread [stack: 0x000000000a880000,0x000000000a980000] [id=6336]
  0x00000000097e6000 WatcherThread [stack: 0x000000000b080000,0x000000000b180000] [id=9128]

VM state:not at safepoint (normal execution)

VM Mutex/Monitor currently owned by a thread: None

Heap
 PSYoungGen      total 37376K, used 27949K [0x00000000eaab0000, 0x00000000ed460000, 0x0000000100000000)
  eden space 32064K, 70% used [0x00000000eaab0000,0x00000000ec0ceb68,0x00000000eca00000)
  from space 5312K, 99% used [0x00000000eca00000,0x00000000ecf2cad8,0x00000000ecf30000)
  to   space 5312K, 0% used [0x00000000ecf30000,0x00000000ecf30000,0x00000000ed460000)
 ParOldGen       total 85504K, used 1572K [0x00000000c0000000, 0x00000000c5380000, 0x00000000eaab0000)
  object space 85504K, 1% used [0x00000000c0000000,0x00000000c0189318,0x00000000c5380000)
 PSPermGen       total 21248K, used 5916K [0x00000000bae00000, 0x00000000bc2c0000, 0x00000000c0000000)
  object space 21248K, 27% used [0x00000000bae00000,0x00000000bb3c71c0,0x00000000bc2c0000)

Card table byte_map: [0x0000000006390000,0x00000000065c0000] byte_map_base: 0x0000000005db9000

Polling page: 0x00000000014e0000

Code Cache  [0x00000000032d0000, 0x0000000003540000, 0x00000000062d0000)
 total_blobs=548 nmethods=311 adapters=188 free_code_cache=47940Kb largest_free_block=49040000

Compilation events (10 events):
Event: 3.091 Thread 0x00000000097c5000 nmethod 308 0x00000000033f89d0 code [0x00000000033f8b40, 0x00000000033f8db8]
Event: 3.091 Thread 0x00000000097c5000  309             java.util.Collections$UnmodifiableCollection$1::<init> (26 bytes)
Event: 3.094 Thread 0x00000000097c1000 nmethod 307 0x0000000003400950 code [0x0000000003400bc0, 0x0000000003401b60]
Event: 3.095 Thread 0x00000000097c1000  310             java.lang.Math::max (11 bytes)
Event: 3.095 Thread 0x00000000097c5000 nmethod 309 0x00000000033db750 code [0x00000000033db8c0, 0x00000000033dbaf8]
Event: 3.095 Thread 0x00000000097c5000  311             com.android.dx.ssa.LocalVariableExtractor::processBlock (383 bytes)
Event: 3.095 Thread 0x00000000097c1000 nmethod 310 0x00000000033f87d0 code [0x00000000033f8900, 0x00000000033f8958]
Event: 3.096 Thread 0x00000000097c1000  312             com.android.dx.ssa.DeadCodeRemover::run (194 bytes)
Event: 3.168 Thread 0x00000000097c5000 nmethod 311 0x0000000003406c10 code [0x0000000003406ec0, 0x0000000003408990]
Event: 3.169 Thread 0x00000000097c5000  313             com.android.dx.ssa.back.InterferenceGraph::ensureCapacity (42 bytes)

GC Heap History (2 events):
Event: 2.458 GC heap before
{Heap before GC invocations=1 (full 0):
 PSYoungGen      total 37376K, used 32064K [0x00000000eaab0000, 0x00000000ed460000, 0x0000000100000000)
  eden space 32064K, 100% used [0x00000000eaab0000,0x00000000eca00000,0x00000000eca00000)
  from space 5312K, 0% used [0x00000000ecf30000,0x00000000ecf30000,0x00000000ed460000)
  to   space 5312K, 0% used [0x00000000eca00000,0x00000000eca00000,0x00000000ecf30000)
 ParOldGen       total 85504K, used 0K [0x00000000c0000000, 0x00000000c5380000, 0x00000000eaab0000)
  object space 85504K, 0% used [0x00000000c0000000,0x00000000c0000000,0x00000000c5380000)
 PSPermGen       total 21248K, used 5859K [0x00000000bae00000, 0x00000000bc2c0000, 0x00000000c0000000)
  object space 21248K, 27% used [0x00000000bae00000,0x00000000bb3b8c18,0x00000000bc2c0000)
Event: 2.491 GC heap after
Heap after GC invocations=1 (full 0):
 PSYoungGen      total 37376K, used 5298K [0x00000000eaab0000, 0x00000000ed460000, 0x0000000100000000)
  eden space 32064K, 0% used [0x00000000eaab0000,0x00000000eaab0000,0x00000000eca00000)
  from space 5312K, 99% used [0x00000000eca00000,0x00000000ecf2cad8,0x00000000ecf30000)
  to   space 5312K, 0% used [0x00000000ecf30000,0x00000000ecf30000,0x00000000ed460000)
 ParOldGen       total 85504K, used 1572K [0x00000000c0000000, 0x00000000c5380000, 0x00000000eaab0000)
  object space 85504K, 1% used [0x00000000c0000000,0x00000000c0189318,0x00000000c5380000)
 PSPermGen       total 21248K, used 5859K [0x00000000bae00000, 0x00000000bc2c0000, 0x00000000c0000000)
  object space 21248K, 27% used [0x00000000bae00000,0x00000000bb3b8c18,0x00000000bc2c0000)
}

Deoptimization events (10 events):
Event: 1.298 Thread 0x000000000b346800 Uncommon trap -34 fr.pc 0x0000000003343ad8
Event: 1.298 Thread 0x000000000b346800 Uncommon trap -34 fr.pc 0x0000000003343ad8
Event: 1.298 Thread 0x000000000b346800 Uncommon trap -34 fr.pc 0x0000000003343ad8
Event: 1.299 Thread 0x000000000b346800 Uncommon trap -34 fr.pc 0x0000000003343ad8
Event: 1.319 Thread 0x000000000b347000 Uncommon trap -12 fr.pc 0x000000000334efac
Event: 1.818 Thread 0x000000000b27f800 Uncommon trap -12 fr.pc 0x000000000336c410
Event: 2.510 Thread 0x000000000b346800 Uncommon trap -83 fr.pc 0x000000000337a6dc
Event: 2.844 Thread 0x000000000b347000 Uncommon trap -83 fr.pc 0x00000000033b7d80
Event: 2.847 Thread 0x000000000b347000 Uncommon trap -83 fr.pc 0x00000000033adcb8
Event: 2.998 Thread 0x000000000b347000 Uncommon trap -12 fr.pc 0x0000000003354804

Internal exceptions (10 events):
Event: 0.923 Thread 0x000000000b258800 Threw 0x00000000eb349058 at C:\jdk7u2_64p\jdk7u17\hotspot\src\share\vm\prims\jvm.cpp:1166
Event: 0.930 Thread 0x000000000b258800 Threw 0x00000000eb3570c0 at C:\jdk7u2_64p\jdk7u17\hotspot\src\share\vm\prims\jvm.cpp:1166
Event: 0.935 Thread 0x000000000b346800 Threw 0x00000000eb45b1b0 at C:\jdk7u2_64p\jdk7u17\hotspot\src\share\vm\prims\jvm.cpp:1166
Event: 1.010 Thread 0x000000000b346800 Threw 0x00000000eb4b2138 at C:\jdk7u2_64p\jdk7u17\hotspot\src\share\vm\prims\jvm.cpp:1166
Event: 1.124 Thread 0x000000000b346800 Threw 0x00000000eb4c7660 at C:\jdk7u2_64p\jdk7u17\hotspot\src\share\vm\prims\jvm.cpp:1166
Event: 1.319 Thread 0x000000000b347000 Implicit null exception at 0x000000000334ec18 to 0x000000000334ef99
Event: 1.453 Thread 0x000000000b258800 Threw 0x00000000eb7cd0d0 at C:\jdk7u2_64p\jdk7u17\hotspot\src\share\vm\prims\jvm.cpp:1166
Event: 1.818 Thread 0x000000000b27f800 Implicit null exception at 0x000000000336c312 to 0x000000000336c402
Event: 2.518 Thread 0x00000000014de000 Threw 0x00000000ead2d0c8 at C:\jdk7u2_64p\jdk7u17\hotspot\src\share\vm\prims\jvm.cpp:1166
Event: 2.998 Thread 0x000000000b347000 Implicit null exception at 0x0000000003353dd8 to 0x00000000033547e9

Events (10 events):
Event: 2.847 Thread 0x000000000b347000 DEOPT PACKING pc=0x00000000033adcb8 sp=0x000000000ba7e970
Event: 2.847 Thread 0x000000000b347000 DEOPT UNPACKING pc=0x0000000003309164 sp=0x000000000ba7e930 mode 2
Event: 2.998 Thread 0x000000000b347000 DEOPT PACKING pc=0x0000000003354804 sp=0x000000000ba7e9d0
Event: 2.998 Thread 0x000000000b347000 DEOPT UNPACKING pc=0x0000000003309164 sp=0x000000000ba7e7b8 mode 2
Event: 3.042 loading class 0x000000000973e360
Event: 3.042 loading class 0x000000000973e360 done
Event: 3.042 loading class 0x000000000975d3a0
Event: 3.042 loading class 0x000000000975d3a0 done
Event: 3.042 Executing VM operation: Deoptimize
Event: 3.047 Executing VM operation: Deoptimize done


Dynamic libraries:
0x00007ff70e800000 - 0x00007ff70e833000 	C:\Program Files\Java\jdk1.7.0_17\bin\java.exe
0x00007ffdbeb30000 - 0x00007ffdbecf1000 	C:\Windows\SYSTEM32\ntdll.dll
0x00007ffdbcb40000 - 0x00007ffdbcbed000 	C:\Windows\system32\KERNEL32.DLL
0x00007ffdbc020000 - 0x00007ffdbc1fd000 	C:\Windows\system32\KERNELBASE.dll
0x00007ffdbcdf0000 - 0x00007ffdbce96000 	C:\Windows\system32\ADVAPI32.dll
0x00007ffdbc360000 - 0x00007ffdbc3fd000 	C:\Windows\system32\msvcrt.dll
0x00007ffdbea70000 - 0x00007ffdbeacb000 	C:\Windows\system32\sechost.dll
0x00007ffdbc780000 - 0x00007ffdbc8a6000 	C:\Windows\system32\RPCRT4.dll
0x00007ffdbe5e0000 - 0x00007ffdbe72e000 	C:\Windows\system32\USER32.dll
0x00007ffdbcbf0000 - 0x00007ffdbcd76000 	C:\Windows\system32\GDI32.dll
0x00007ffdb6540000 - 0x00007ffdb67b4000 	C:\Windows\WinSxS\amd64_microsoft.windows.common-controls_6595b64144ccf1df_6.0.10240.16384_none_f41f7b285750ef43\COMCTL32.dll
0x00007ffdbcea0000 - 0x00007ffdbced6000 	C:\Windows\system32\IMM32.DLL
0x00007ffdbe480000 - 0x00007ffdbe5dc000 	C:\Windows\system32\MSCTF.dll
0x00007ffdbb450000 - 0x00007ffdbb481000 	C:\Windows\system32\nvinitx.dll
0x00007ffdbb440000 - 0x00007ffdbb44a000 	C:\Windows\SYSTEM32\VERSION.dll
0x000000000f000000 - 0x000000000f006000 	C:\Program Files\NVIDIA Corporation\CoProcManager\_etoured.dll
0x00007ffdb9040000 - 0x00007ffdb9072000 	C:\Program Files\NVIDIA Corporation\CoProcManager\nvd3d9wrapx.dll
0x00007ffdbc400000 - 0x00007ffdbc5c5000 	C:\Windows\system32\SETUPAPI.dll
0x00007ffdbb6b0000 - 0x00007ffdbb6f4000 	C:\Windows\system32\CFGMGR32.dll
0x00007ffdb9010000 - 0x00007ffdb9032000 	C:\Program Files\NVIDIA Corporation\CoProcManager\nvdxgiwrapx.dll
0x0000000064ff0000 - 0x00000000650c1000 	C:\Program Files\Java\jdk1.7.0_17\jre\bin\msvcr100.dll
0x0000000065700000 - 0x0000000065e1f000 	C:\Program Files\Java\jdk1.7.0_17\jre\bin\server\jvm.dll
0x00007ffdbea60000 - 0x00007ffdbea68000 	C:\Windows\system32\PSAPI.DLL
0x00007ffdb2430000 - 0x00007ffdb2439000 	C:\Windows\SYSTEM32\WSOCK32.dll
0x00007ffdbcd80000 - 0x00007ffdbcde9000 	C:\Windows\system32\WS2_32.dll
0x00007ffdbe410000 - 0x00007ffdbe418000 	C:\Windows\system32\NSI.dll
0x00007ffdb9b90000 - 0x00007ffdb9bb3000 	C:\Windows\SYSTEM32\WINMM.dll
0x00007ffdb9b30000 - 0x00007ffdb9b5c000 	C:\Windows\SYSTEM32\WINMMBASE.dll
0x00007ffdb9de0000 - 0x00007ffdb9e07000 	C:\Windows\SYSTEM32\DEVOBJ.dll
0x00000000656f0000 - 0x00000000656ff000 	C:\Program Files\Java\jdk1.7.0_17\jre\bin\verify.dll
0x00000000656c0000 - 0x00000000656e8000 	C:\Program Files\Java\jdk1.7.0_17\jre\bin\java.dll
0x00000000656a0000 - 0x00000000656b5000 	C:\Program Files\Java\jdk1.7.0_17\jre\bin\zip.dll
0x0000000065680000 - 0x0000000065699000 	C:\Program Files\Java\jdk1.7.0_17\jre\bin\net.dll
0x00007ffdbad20000 - 0x00007ffdbad7d000 	C:\Windows\system32\mswsock.dll
0x0000000065660000 - 0x0000000065671000 	C:\Program Files\Java\jdk1.7.0_17\jre\bin\nio.dll

VM Arguments:
jvm_args: -Xmx1024M -Dfile.encoding=GBK -Duser.country=CN -Duser.language=zh -Duser.variant 
java_command: com.android.dx.command.Main --dex --num-threads=4 --output D:\sjs\android_projects\save项目\Save\app\build\intermediates\pre-dexed\debug\nineoldandroids-library-2.4.0-8dc63bde4d43b2aa85b2d03aff388a551173dff1.jar D:\sjs\android_projects\save项目\Save\app\build\intermediates\exploded-aar\com.specyci\residemenu\1.6\jars\libs\nineoldandroids-library-2.4.0.jar
Launcher Type: SUN_STANDARD

Environment Variables:
JAVA_HOME=C:\Program Files\Java\jdk1.7.0_17
CLASSPATH= .;C:\Program Files\Java\jdk1.7.0_17\lib;C:\Program Files\Java\jdk1.7.0_17\lib\tools.jar
PATH=C:\Program Files (x86)\Intel\iCLS Client\;C:\Program Files\Intel\iCLS Client\;C:\Windows\system32;C:\Windows;C:\Windows\System32\Wbem;C:\Windows\System32\WindowsPowerShell\v1.0\;C:\Program Files\Java\jdk1.7.0_17\bin;C:\Program Files\Java\jdk1.7.0_17\jre\bin;D:\sjs备份文件\adt-bundle-windows-x86_64-20131030\sdk\platform-tools;D:\sjs备份文件\adt-bundle-windows-x86_64-20131030\sdk\tools;;C:\Program Files (x86)\NVIDIA Corporation\PhysX\Common;C:\Program Files (x86)\Windows Kits\8.1\Windows Performance Toolkit\;C:\Program Files\Microsoft SQL Server\110\Tools\Binn\;C:\Python27;C:\Program Files (x86)\QuickTime\QTSystem\
USERNAME=xdsjs
OS=Windows_NT
PROCESSOR_IDENTIFIER=Intel64 Family 6 Model 58 Stepping 9, GenuineIntel



---------------  S Y S T E M  ---------------

OS: Windows 8 , 64 bit Build 9200 

CPU:total 4 (2 cores per cpu, 2 threads per core) family 6 model 58 stepping 9, cmov, cx8, fxsr, mmx, sse, sse2, sse3, ssse3, sse4.1, sse4.2, popcnt, avx, ht, tsc, tscinvbit, tscinv

Memory: 4k page, physical 8202600k(2117596k free), swap 8202600k(5320k free)

vm_info: Java HotSpot(TM) 64-Bit Server VM (23.7-b01) for windows-amd64 JRE (1.7.0_17-b02), built on Mar  1 2013 03:38:30 by "java_re" with unknown MS VC++:1600

time: Tue Oct 20 16:03:22 2015
elapsed time: 3 seconds

