#
# A fatal error has been detected by the Java Runtime Environment:
#
#  EXCEPTION_ACCESS_VIOLATION (0xc0000005) at pc=0x0000000056bbdad7, pid=5812, tid=3956
#
# JRE version: 7.0_17-b02
# Java VM: Java HotSpot(TM) 64-Bit Server VM (23.7-b01 mixed mode windows-amd64 compressed oops)
# Problematic frame:
# V  [jvm.dll+0x1adad7]
#
# Failed to write core dump. Minidumps are not enabled by default on client versions of Windows
#
# If you would like to submit a bug report, please visit:
#   http://bugreport.sun.com/bugreport/crash.jsp
#

---------------  T H R E A D  ---------------

Current thread (0x000000000afc3800):  JavaThread "pool-1-thread-1" [_thread_in_vm, id=3956, stack(0x000000000b310000,0x000000000b410000)]

siginfo: ExceptionCode=0xc0000005, writing address 0x000000000b405f30

Registers:
RAX=0x000000000b405f30, RBX=0x0000000000000007, RCX=0x0000000000006000, RDX=0x000000000b319170
RSP=0x000000000b40bf30, RBP=0x0000000000000000, RSI=0x000000000b40bf30, RDI=0x0000000000000007
R8 =0x0000000000000009, R9 =0x000000000afc3800, R10=0x000000000b40c0d8, R11=0x000000000b40c108
R12=0x000000000b40c108, R13=0x000000000b40c078, R14=0x000000000b40c1c0, R15=0x0000000003120880
RIP=0x0000000056bbdad7, EFLAGS=0x0000000000010206

Top of Stack: (sp=0x000000000b40bf30)
0x000000000b40bf30:   0000000009579868 0000000000000000
0x000000000b40bf40:   00000000029e8fd0 0000000056a6ec96
0x000000000b40bf50:   0000000000000000 0000000056bbe617
0x000000000b40bf60:   000000000b40c101 0000000009579868
0x000000000b40bf70:   000000000afc3800 000000000afc3800
0x000000000b40bf80:   0000000000000006 0000000056a6ecf3
0x000000000b40bf90:   000000000b40c120 000000000b40c0f0
0x000000000b40bfa0:   0000000000000000 0000000056a700ff
0x000000000b40bfb0:   0000000000000000 0000000056c0c8f8
0x000000000b40bfc0:   0000000003014570 000000000b40c120
0x000000000b40bfd0:   000000000b40c240 0000000056c7780e
0x000000000b40bfe0:   000000000b40c060 0000000056a42921
0x000000000b40bff0:   0000000000000000 0000000056a48446
0x000000000b40c000:   000000000b40c060 0000000056a48446
0x000000000b40c010:   000000000b40c240 000000000b40c1d0
0x000000000b40c020:   000000000b40c668 00000000bb03a378 

Instructions: (pc=0x0000000056bbdad7)
0x0000000056bbdab7:   48 89 6c 24 30 33 ed 66 90 e8 eb 3c 06 00 ff c3
0x0000000056bbdac7:   48 63 c8 48 8b c6 48 0f af cf 48 ff c7 48 2b c1
0x0000000056bbdad7:   89 28 48 63 c3 48 3b 05 bd 18 4b 00 7e db 48 8b
0x0000000056bbdae7:   6c 24 30 48 8b 5c 24 38 48 8b 74 24 40 48 83 c4 


Register to memory mapping:

RAX=0x000000000b405f30 is pointing into the stack for thread: 0x000000000afc3800
RBX=0x0000000000000007 is an unknown value
RCX=0x0000000000006000 is an unknown value
RDX=0x000000000b319170 is pointing into the stack for thread: 0x000000000afc3800
RSP=0x000000000b40bf30 is pointing into the stack for thread: 0x000000000afc3800
RBP=0x0000000000000000 is an unknown value
RSI=0x000000000b40bf30 is pointing into the stack for thread: 0x000000000afc3800
RDI=0x0000000000000007 is an unknown value
R8 =0x0000000000000009 is an unknown value
R9 =0x000000000afc3800 is a thread
R10=0x000000000b40c0d8 is pointing into the stack for thread: 0x000000000afc3800
R11=0x000000000b40c108 is pointing into the stack for thread: 0x000000000afc3800
R12=0x000000000b40c108 is pointing into the stack for thread: 0x000000000afc3800
R13=0x000000000b40c078 is pointing into the stack for thread: 0x000000000afc3800
R14=0x000000000b40c1c0 is pointing into the stack for thread: 0x000000000afc3800
R15=0x0000000003120880 is an Interpreter codelet
method entry point (kind = zerolocals)  [0x0000000003120880, 0x0000000003120b80]  768 bytes


Stack: [0x000000000b310000,0x000000000b410000],  sp=0x000000000b40bf30,  free space=1007k
Native frames: (J=compiled Java code, j=interpreted, Vv=VM code, C=native code)
V  [jvm.dll+0x1adad7]

[error occurred during error reporting (printing native stack), id 0xc0000005]

Java frames: (J=compiled Java code, j=interpreted, Vv=VM code)
j  java.security.AccessController.doPrivileged(Ljava/security/PrivilegedExceptionAction;Ljava/security/AccessControlContext;)Ljava/lang/Object;+0
j  java.net.URLClassLoader.findClass(Ljava/lang/String;)Ljava/lang/Class;+13
j  java.lang.ClassLoader.loadClass(Ljava/lang/String;Z)Ljava/lang/Class;+70
j  java.lang.ClassLoader.loadClass(Ljava/lang/String;Z)Ljava/lang/Class;+38
j  sun.misc.Launcher$AppClassLoader.loadClass(Ljava/lang/String;Z)Ljava/lang/Class;+36
j  java.lang.ClassLoader.loadClass(Ljava/lang/String;)Ljava/lang/Class;+3
v  ~StubRoutines::call_stub
j  java.lang.ClassLoader.defineClass1(Ljava/lang/String;[BIILjava/security/ProtectionDomain;Ljava/lang/String;)Ljava/lang/Class;+0
j  java.lang.ClassLoader.defineClass(Ljava/lang/String;[BIILjava/security/ProtectionDomain;)Ljava/lang/Class;+30
j  java.security.SecureClassLoader.defineClass(Ljava/lang/String;[BIILjava/security/CodeSource;)Ljava/lang/Class;+12
j  java.net.URLClassLoader.defineClass(Ljava/lang/String;Lsun/misc/Resource;)Ljava/lang/Class;+220
j  java.net.URLClassLoader.access$100(Ljava/net/URLClassLoader;Ljava/lang/String;Lsun/misc/Resource;)Ljava/lang/Class;+3
j  java.net.URLClassLoader$1.run()Ljava/lang/Class;+43
j  java.net.URLClassLoader$1.run()Ljava/lang/Object;+1
v  ~StubRoutines::call_stub
j  java.security.AccessController.doPrivileged(Ljava/security/PrivilegedExceptionAction;Ljava/security/AccessControlContext;)Ljava/lang/Object;+0
j  java.net.URLClassLoader.findClass(Ljava/lang/String;)Ljava/lang/Class;+13
j  java.lang.ClassLoader.loadClass(Ljava/lang/String;Z)Ljava/lang/Class;+70
j  sun.misc.Launcher$AppClassLoader.loadClass(Ljava/lang/String;Z)Ljava/lang/Class;+36
j  java.lang.ClassLoader.loadClass(Ljava/lang/String;)Ljava/lang/Class;+3
v  ~StubRoutines::call_stub
j  com.android.dx.dex.cf.CfTranslator.processFields(Lcom/android/dx/cf/direct/DirectClassFile;Lcom/android/dx/dex/file/ClassDefItem;Lcom/android/dx/dex/file/DexFile;)V+84
j  com.android.dx.dex.cf.CfTranslator.translate0(Lcom/android/dx/cf/direct/DirectClassFile;[BLcom/android/dx/dex/cf/CfOptions;Lcom/android/dx/dex/DexOptions;Lcom/android/dx/dex/file/DexFile;)Lcom/android/dx/dex/file/ClassDefItem;+110
j  com.android.dx.dex.cf.CfTranslator.translate(Lcom/android/dx/cf/direct/DirectClassFile;[BLcom/android/dx/dex/cf/CfOptions;Lcom/android/dx/dex/DexOptions;Lcom/android/dx/dex/file/DexFile;)Lcom/android/dx/dex/file/ClassDefItem;+6
j  com.android.dx.command.dexer.Main.translateClass([BLcom/android/dx/cf/direct/DirectClassFile;)Lcom/android/dx/dex/file/ClassDefItem;+17
j  com.android.dx.command.dexer.Main.access$2700([BLcom/android/dx/cf/direct/DirectClassFile;)Lcom/android/dx/dex/file/ClassDefItem;+2
j  com.android.dx.command.dexer.Main$ClassTranslatorTask.call()Lcom/android/dx/dex/file/ClassDefItem;+8
j  com.android.dx.command.dexer.Main$ClassTranslatorTask.call()Ljava/lang/Object;+1
j  java.util.concurrent.FutureTask$Sync.innerRun()V+29
j  java.util.concurrent.FutureTask.run()V+4
j  java.util.concurrent.ThreadPoolExecutor.runWorker(Ljava/util/concurrent/ThreadPoolExecutor$Worker;)V+95
j  java.util.concurrent.ThreadPoolExecutor$Worker.run()V+5
j  java.lang.Thread.run()V+11
v  ~StubRoutines::call_stub

---------------  P R O C E S S  ---------------

Java Threads: ( => current thread )
  0x000000000affc800 JavaThread "pool-1-thread-4" [_thread_blocked, id=5728, stack(0x000000000b710000,0x000000000b810000)]
  0x000000000aff9800 JavaThread "pool-1-thread-3" [_thread_blocked, id=6944, stack(0x000000000b610000,0x000000000b710000)]
  0x000000000afec800 JavaThread "pool-1-thread-2" [_thread_in_native, id=4156, stack(0x000000000b510000,0x000000000b610000)]
  0x000000000afea800 JavaThread "pool-2-thread-1" [_thread_blocked, id=1204, stack(0x000000000b410000,0x000000000b510000)]
=>0x000000000afc3800 JavaThread "pool-1-thread-1" [_thread_in_vm, id=3956, stack(0x000000000b310000,0x000000000b410000)]
  0x0000000009583000 JavaThread "Service Thread" daemon [_thread_blocked, id=9972, stack(0x000000000ad10000,0x000000000ae10000)]
  0x0000000009574000 JavaThread "C2 CompilerThread1" daemon [_thread_blocked, id=8852, stack(0x000000000ac10000,0x000000000ad10000)]
  0x0000000009570000 JavaThread "C2 CompilerThread0" daemon [_thread_blocked, id=7672, stack(0x000000000ab10000,0x000000000ac10000)]
  0x000000000956f000 JavaThread "Attach Listener" daemon [_thread_blocked, id=176, stack(0x000000000aa10000,0x000000000ab10000)]
  0x000000000956c000 JavaThread "Signal Dispatcher" daemon [_thread_blocked, id=1268, stack(0x000000000a910000,0x000000000aa10000)]
  0x00000000094e2000 JavaThread "Finalizer" daemon [_thread_blocked, id=8856, stack(0x000000000a810000,0x000000000a910000)]
  0x00000000094de800 JavaThread "Reference Handler" daemon [_thread_blocked, id=9224, stack(0x000000000a710000,0x000000000a810000)]
  0x00000000029ee000 JavaThread "main" [_thread_blocked, id=6732, stack(0x0000000002f10000,0x0000000003010000)]

Other Threads:
  0x00000000094d6000 VMThread [stack: 0x000000000a610000,0x000000000a710000] [id=4468]
  0x0000000009590000 WatcherThread [stack: 0x000000000ae10000,0x000000000af10000] [id=10088]

VM state:not at safepoint (normal execution)

VM Mutex/Monitor currently owned by a thread: None

Heap
 PSYoungGen      total 37376K, used 7723K [0x00000000eaab0000, 0x00000000ed460000, 0x0000000100000000)
  eden space 32064K, 24% used [0x00000000eaab0000,0x00000000eb23ac88,0x00000000eca00000)
  from space 5312K, 0% used [0x00000000ecf30000,0x00000000ecf30000,0x00000000ed460000)
  to   space 5312K, 0% used [0x00000000eca00000,0x00000000eca00000,0x00000000ecf30000)
 ParOldGen       total 85504K, used 0K [0x00000000c0000000, 0x00000000c5380000, 0x00000000eaab0000)
  object space 85504K, 0% used [0x00000000c0000000,0x00000000c0000000,0x00000000c5380000)
 PSPermGen       total 21248K, used 4582K [0x00000000bae00000, 0x00000000bc2c0000, 0x00000000c0000000)
  object space 21248K, 21% used [0x00000000bae00000,0x00000000bb279a98,0x00000000bc2c0000)

Card table byte_map: [0x0000000006110000,0x0000000006340000] byte_map_base: 0x0000000005b39000

Polling page: 0x00000000029a0000

Code Cache  [0x0000000003110000, 0x0000000003380000, 0x0000000006110000)
 total_blobs=243 nmethods=17 adapters=178 free_code_cache=48726Kb largest_free_block=49873920

Compilation events (10 events):
Event: 0.373 Thread 0x0000000009574000    8             sun.nio.cs.UTF_8$Encoder::encode (361 bytes)
Event: 0.379 Thread 0x0000000009574000 nmethod 8 0x0000000003178b90 code [0x0000000003178ce0, 0x00000000031791c8]
Event: 0.445 Thread 0x0000000009570000    9             java.lang.String::length (6 bytes)
Event: 0.445 Thread 0x0000000009574000   10             java.lang.String::equals (81 bytes)
Event: 0.445 Thread 0x0000000009570000 nmethod 9 0x0000000003179750 code [0x0000000003179880, 0x00000000031798d8]
Event: 0.446 Thread 0x0000000009570000   11             java.lang.Object::<init> (1 bytes)
Event: 0.447 Thread 0x0000000009570000 nmethod 11 0x00000000031794d0 code [0x0000000003179600, 0x0000000003179678]
Event: 0.448 Thread 0x0000000009574000 nmethod 10 0x000000000317abd0 code [0x000000000317ad20, 0x000000000317af58]
Event: 0.449 Thread 0x0000000009570000   12             com.android.dx.util.ByteArray::getUnsignedByte0 (16 bytes)
Event: 0.450 Thread 0x0000000009570000 nmethod 12 0x0000000003177ad0 code [0x0000000003177c00, 0x0000000003177c98]

GC Heap History (0 events):
No events

Deoptimization events (0 events):
No events

Internal exceptions (10 events):
Event: 0.444 Thread 0x000000000afc3800 Threw 0x00000000eadf6fc0 at C:\jdk7u2_64p\jdk7u17\hotspot\src\share\vm\prims\jvm.cpp:1166
Event: 0.444 Thread 0x00000000029ee000 Threw 0x00000000ead9be90 at C:\jdk7u2_64p\jdk7u17\hotspot\src\share\vm\prims\jvm.cpp:1166
Event: 0.445 Thread 0x000000000afc3800 Threw 0x00000000eadfbdc0 at C:\jdk7u2_64p\jdk7u17\hotspot\src\share\vm\prims\jvm.cpp:1166
Event: 0.445 Thread 0x000000000afc3800 Threw 0x00000000eae004d8 at C:\jdk7u2_64p\jdk7u17\hotspot\src\share\vm\prims\jvm.cpp:1166
Event: 0.446 Thread 0x000000000afc3800 Threw 0x00000000eae04928 at C:\jdk7u2_64p\jdk7u17\hotspot\src\share\vm\prims\jvm.cpp:1166
Event: 0.446 Thread 0x000000000afc3800 Threw 0x00000000eae0dd10 at C:\jdk7u2_64p\jdk7u17\hotspot\src\share\vm\prims\jvm.cpp:1166
Event: 0.448 Thread 0x000000000afc3800 Threw 0x00000000eae17340 at C:\jdk7u2_64p\jdk7u17\hotspot\src\share\vm\prims\jvm.cpp:1166
Event: 0.448 Thread 0x000000000afc3800 Threw 0x00000000eae1c390 at C:\jdk7u2_64p\jdk7u17\hotspot\src\share\vm\prims\jvm.cpp:1166
Event: 0.449 Thread 0x000000000afc3800 Threw 0x00000000eae26640 at C:\jdk7u2_64p\jdk7u17\hotspot\src\share\vm\prims\jvm.cpp:1166
Event: 0.450 Thread 0x000000000afc3800 Threw 0x00000000eae28518 at C:\jdk7u2_64p\jdk7u17\hotspot\src\share\vm\prims\jvm.cpp:1166

Events (10 events):
Event: 0.448 loading class 0x000000000afcbb80
Event: 0.448 Thread 0x000000000aff9800 Thread added: 0x000000000aff9800
Event: 0.448 loading class 0x000000000afcbb80 done
Event: 0.449 Thread 0x000000000affc800 Thread added: 0x000000000affc800
Event: 0.449 loading class 0x000000000b0235a0
Event: 0.449 loading class 0x000000000b0235a0 done
Event: 0.450 loading class 0x000000000afcafc0
Event: 0.450 loading class 0x000000000afcafc0 done
Event: 0.450 loading class 0x000000000afcb580
Event: 0.450 loading class 0x000000000afcb580 done


Dynamic libraries:
0x00007ff7983a0000 - 0x00007ff7983d3000 	C:\Program Files\Java\jdk1.7.0_17\bin\java.exe
0x00007ff9e92e0000 - 0x00007ff9e94a1000 	C:\Windows\SYSTEM32\ntdll.dll
0x00007ff9e6fb0000 - 0x00007ff9e705d000 	C:\Windows\system32\KERNEL32.DLL
0x00007ff9e61a0000 - 0x00007ff9e637d000 	C:\Windows\system32\KERNELBASE.dll
0x00007ff9e7380000 - 0x00007ff9e7426000 	C:\Windows\system32\ADVAPI32.dll
0x00007ff9e6d80000 - 0x00007ff9e6e1d000 	C:\Windows\system32\msvcrt.dll
0x00007ff9e8cc0000 - 0x00007ff9e8d1b000 	C:\Windows\system32\sechost.dll
0x00007ff9e91a0000 - 0x00007ff9e92c6000 	C:\Windows\system32\RPCRT4.dll
0x00007ff9e6b70000 - 0x00007ff9e6cbe000 	C:\Windows\system32\USER32.dll
0x00007ff9e6e20000 - 0x00007ff9e6fa6000 	C:\Windows\system32\GDI32.dll
0x00007ff9e0830000 - 0x00007ff9e0aa4000 	C:\Windows\WinSxS\amd64_microsoft.windows.common-controls_6595b64144ccf1df_6.0.10240.16384_none_f41f7b285750ef43\COMCTL32.dll
0x00007ff9e8c60000 - 0x00007ff9e8c96000 	C:\Windows\system32\IMM32.DLL
0x00007ff9e7560000 - 0x00007ff9e76bc000 	C:\Windows\system32\MSCTF.dll
0x00007ff9e5c00000 - 0x00007ff9e5c31000 	C:\Windows\system32\nvinitx.dll
0x00007ff9e5bf0000 - 0x00007ff9e5bfa000 	C:\Windows\SYSTEM32\VERSION.dll
0x000000000f000000 - 0x000000000f006000 	C:\Program Files\NVIDIA Corporation\CoProcManager\_etoured.dll
0x00007ff9e36c0000 - 0x00007ff9e36f2000 	C:\Program Files\NVIDIA Corporation\CoProcManager\nvd3d9wrapx.dll
0x00007ff9e7140000 - 0x00007ff9e7305000 	C:\Windows\system32\SETUPAPI.dll
0x00007ff9e5e60000 - 0x00007ff9e5ea4000 	C:\Windows\system32\CFGMGR32.dll
0x00007ff9e3650000 - 0x00007ff9e3672000 	C:\Program Files\NVIDIA Corporation\CoProcManager\nvdxgiwrapx.dll
0x00000000562e0000 - 0x00000000563b1000 	C:\Program Files\Java\jdk1.7.0_17\jre\bin\msvcr100.dll
0x0000000056a10000 - 0x000000005712f000 	C:\Program Files\Java\jdk1.7.0_17\jre\bin\server\jvm.dll
0x00007ff9e8c50000 - 0x00007ff9e8c58000 	C:\Windows\system32\PSAPI.DLL
0x00007ff9dad60000 - 0x00007ff9dad69000 	C:\Windows\SYSTEM32\WSOCK32.dll
0x00007ff9e7490000 - 0x00007ff9e74f9000 	C:\Windows\system32\WS2_32.dll
0x00007ff9e92d0000 - 0x00007ff9e92d8000 	C:\Windows\system32\NSI.dll
0x00007ff9e4340000 - 0x00007ff9e4363000 	C:\Windows\SYSTEM32\WINMM.dll
0x00007ff9e42e0000 - 0x00007ff9e430c000 	C:\Windows\SYSTEM32\WINMMBASE.dll
0x00007ff9e4590000 - 0x00007ff9e45b7000 	C:\Windows\SYSTEM32\DEVOBJ.dll
0x0000000056a00000 - 0x0000000056a0f000 	C:\Program Files\Java\jdk1.7.0_17\jre\bin\verify.dll
0x00000000569d0000 - 0x00000000569f8000 	C:\Program Files\Java\jdk1.7.0_17\jre\bin\java.dll
0x00000000569b0000 - 0x00000000569c5000 	C:\Program Files\Java\jdk1.7.0_17\jre\bin\zip.dll
0x0000000056990000 - 0x00000000569a9000 	C:\Program Files\Java\jdk1.7.0_17\jre\bin\net.dll
0x00007ff9e54d0000 - 0x00007ff9e552d000 	C:\Windows\system32\mswsock.dll
0x0000000056970000 - 0x0000000056981000 	C:\Program Files\Java\jdk1.7.0_17\jre\bin\nio.dll
0x00007ff9d6420000 - 0x00007ff9d65aa000 	C:\Windows\SYSTEM32\dbghelp.dll

VM Arguments:
jvm_args: -Xmx1024M -Dfile.encoding=GBK -Duser.country=CN -Duser.language=zh -Duser.variant 
java_command: com.android.dx.command.Main --dex --num-threads=4 --output D:\sjs\android_projects\save项目\Save\app\build\intermediates\pre-dexed\debug\classes-1fbc017ea81736487485228b212b9556ab315842.jar D:\sjs\android_projects\save项目\Save\app\build\intermediates\exploded-aar\cn.pedant.sweetalert\library\1.3\jars\classes.jar
Launcher Type: SUN_STANDARD

Environment Variables:
JAVA_HOME=C:\Program Files\Java\jdk1.7.0_17
CLASSPATH= .;C:\Program Files\Java\jdk1.7.0_17\lib;C:\Program Files\Java\jdk1.7.0_17\lib\tools.jar
PATH=C:\Program Files (x86)\Intel\iCLS Client\;C:\Program Files\Intel\iCLS Client\;C:\Windows\system32;C:\Windows;C:\Windows\System32\Wbem;C:\Windows\System32\WindowsPowerShell\v1.0\;C:\Program Files\Java\jdk1.7.0_17\bin;C:\Program Files\Java\jdk1.7.0_17\jre\bin;D:\sjs备份文件\adt-bundle-windows-x86_64-20131030\sdk\platform-tools;D:\sjs备份文件\adt-bundle-windows-x86_64-20131030\sdk\tools;;C:\Program Files (x86)\NVIDIA Corporation\PhysX\Common;C:\Program Files (x86)\Windows Kits\8.1\Windows Performance Toolkit\;C:\Program Files\Microsoft SQL Server\110\Tools\Binn\;C:\Python27;C:\Program Files (x86)\QuickTime\QTSystem\
USERNAME=xdsjs
OS=Windows_NT
PROCESSOR_IDENTIFIER=Intel64 Family 6 Model 58 Stepping 9, GenuineIntel



---------------  S Y S T E M  ---------------

OS: Windows 8 , 64 bit Build 9200 

CPU:total 4 (2 cores per cpu, 2 threads per core) family 6 model 58 stepping 9, cmov, cx8, fxsr, mmx, sse, sse2, sse3, ssse3, sse4.1, sse4.2, popcnt, avx, ht, tsc, tscinvbit, tscinv

Memory: 4k page, physical 8202600k(2049960k free), swap 8202600k(506268k free)

vm_info: Java HotSpot(TM) 64-Bit Server VM (23.7-b01) for windows-amd64 JRE (1.7.0_17-b02), built on Mar  1 2013 03:38:30 by "java_re" with unknown MS VC++:1600

time: Thu Oct 22 20:51:22 2015
elapsed time: 0 seconds

