#
# There is insufficient memory for the Java Runtime Environment to continue.
# Native memory allocation (malloc) failed to allocate 1233616 bytes for Chunk::new
# Possible reasons:
#   The system is out of physical RAM or swap space
#   In 32 bit mode, the process size limit was hit
# Possible solutions:
#   Reduce memory load on the system
#   Increase physical memory or swap space
#   Check if swap backing store is full
#   Use 64 bit Java on a 64 bit OS
#   Decrease Java heap size (-Xmx/-Xms)
#   Decrease number of Java threads
#   Decrease Java thread stack sizes (-Xss)
#   Set larger code cache with -XX:ReservedCodeCacheSize=
# This output file may be truncated or incomplete.
#
#  Out of Memory Error (allocation.cpp:328), pid=6340, tid=5064
#
# JRE version: 7.0_17-b02
# Java VM: Java HotSpot(TM) 64-Bit Server VM (23.7-b01 mixed mode windows-amd64 compressed oops)
# Failed to write core dump. Minidumps are not enabled by default on client versions of Windows
#

---------------  T H R E A D  ---------------

Current thread (0x000000000974c800):  JavaThread "C2 CompilerThread0" daemon [_thread_in_native, id=5064, stack(0x000000000ad40000,0x000000000ae40000)]

Stack: [0x000000000ad40000,0x000000000ae40000]

Current CompileTask:
C2:   3207  232   !         com.android.dx.cf.code.BytecodeArray::parseInstruction (2764 bytes)


---------------  P R O C E S S  ---------------

Java Threads: ( => current thread )
  0x000000000b2c8000 JavaThread "pool-1-thread-4" [_thread_in_Java, id=1756, stack(0x000000000b940000,0x000000000ba40000)]
  0x000000000b2c7800 JavaThread "pool-1-thread-3" [_thread_in_Java, id=3124, stack(0x000000000b840000,0x000000000b940000)]
  0x000000000b218000 JavaThread "pool-1-thread-2" [_thread_in_Java, id=3800, stack(0x000000000b740000,0x000000000b840000)]
  0x000000000b1b0000 JavaThread "pool-2-thread-1" [_thread_blocked, id=3452, stack(0x000000000b640000,0x000000000b740000)]
  0x000000000b171000 JavaThread "pool-1-thread-1" [_thread_in_vm, id=7624, stack(0x000000000b540000,0x000000000b640000)]
  0x0000000009786800 JavaThread "Service Thread" daemon [_thread_blocked, id=3340, stack(0x000000000af40000,0x000000000b040000)]
  0x0000000009774000 JavaThread "C2 CompilerThread1" daemon [_thread_in_vm, id=6336, stack(0x000000000ae40000,0x000000000af40000)]
=>0x000000000974c800 JavaThread "C2 CompilerThread0" daemon [_thread_in_native, id=5064, stack(0x000000000ad40000,0x000000000ae40000)]
  0x000000000974b800 JavaThread "Attach Listener" daemon [_thread_blocked, id=1080, stack(0x000000000ac40000,0x000000000ad40000)]
  0x0000000009770000 JavaThread "Signal Dispatcher" daemon [_thread_blocked, id=3276, stack(0x000000000ab40000,0x000000000ac40000)]
  0x00000000096e2000 JavaThread "Finalizer" daemon [_thread_blocked, id=3580, stack(0x000000000aa40000,0x000000000ab40000)]
  0x00000000096de800 JavaThread "Reference Handler" daemon [_thread_blocked, id=8688, stack(0x000000000a940000,0x000000000aa40000)]
  0x0000000002c7e000 JavaThread "main" [_thread_in_Java, id=6164, stack(0x0000000003080000,0x0000000003180000)]

Other Threads:
  0x00000000096d6000 VMThread [stack: 0x000000000a840000,0x000000000a940000] [id=6496]
  0x0000000009793800 WatcherThread [stack: 0x000000000b040000,0x000000000b140000] [id=3864]

VM state:not at safepoint (normal execution)

VM Mutex/Monitor currently owned by a thread: None

Heap
 PSYoungGen      total 37376K, used 11597K [0x00000000eaab0000, 0x00000000ed460000, 0x0000000100000000)
  eden space 32064K, 19% used [0x00000000eaab0000,0x00000000eb0d9db0,0x00000000eca00000)
  from space 5312K, 99% used [0x00000000eca00000,0x00000000ecf297d0,0x00000000ecf30000)
  to   space 5312K, 0% used [0x00000000ecf30000,0x00000000ecf30000,0x00000000ed460000)
 ParOldGen       total 85504K, used 1748K [0x00000000c0000000, 0x00000000c5380000, 0x00000000eaab0000)
  object space 85504K, 2% used [0x00000000c0000000,0x00000000c01b5250,0x00000000c5380000)
 PSPermGen       total 21248K, used 5894K [0x00000000bae00000, 0x00000000bc2c0000, 0x00000000c0000000)
  object space 21248K, 27% used [0x00000000bae00000,0x00000000bb3c18c8,0x00000000bc2c0000)

Card table byte_map: [0x0000000006340000,0x0000000006570000] byte_map_base: 0x0000000005d69000

Polling page: 0x0000000001170000

Code Cache  [0x0000000003280000, 0x00000000034f0000, 0x0000000006280000)
 total_blobs=469 nmethods=232 adapters=188 free_code_cache=48175Kb largest_free_block=49267904

Compilation events (10 events):
Event: 3.090 Thread 0x000000000974c800 nmethod 226 0x0000000003351bd0 code [0x0000000003351d20, 0x0000000003351ed8]
Event: 3.090 Thread 0x000000000974c800  227             com.android.dx.util.Bits::or (24 bytes)
Event: 3.092 Thread 0x000000000974c800 nmethod 227 0x0000000003351890 code [0x00000000033519c0, 0x0000000003351ad8]
Event: 3.092 Thread 0x000000000974c800  228             java.util.HashMap::<init> (9 bytes)
Event: 3.093 Thread 0x000000000974c800 nmethod 228 0x000000000334f390 code [0x000000000334f500, 0x000000000334f588]
Event: 3.093 Thread 0x000000000974c800  229             com.android.dx.ssa.back.IdenticalBlockCombiner::process (323 bytes)
Event: 3.135 Thread 0x000000000974c800 nmethod 229 0x0000000003366750 code [0x0000000003366a00, 0x0000000003368048]
Event: 3.135 Thread 0x000000000974c800  231             com.android.dx.rop.code.CstInsn::getConstant (5 bytes)
Event: 3.136 Thread 0x000000000974c800 nmethod 231 0x0000000003357290 code [0x00000000033573c0, 0x0000000003357418]
Event: 3.136 Thread 0x000000000974c800  232   !         com.android.dx.cf.code.BytecodeArray::parseInstruction (2764 bytes)

GC Heap History (2 events):
Event: 2.505 GC heap before
{Heap before GC invocations=1 (full 0):
 PSYoungGen      total 37376K, used 32064K [0x00000000eaab0000, 0x00000000ed460000, 0x0000000100000000)
  eden space 32064K, 100% used [0x00000000eaab0000,0x00000000eca00000,0x00000000eca00000)
  from space 5312K, 0% used [0x00000000ecf30000,0x00000000ecf30000,0x00000000ed460000)
  to   space 5312K, 0% used [0x00000000eca00000,0x00000000eca00000,0x00000000ecf30000)
 ParOldGen       total 85504K, used 0K [0x00000000c0000000, 0x00000000c5380000, 0x00000000eaab0000)
  object space 85504K, 0% used [0x00000000c0000000,0x00000000c0000000,0x00000000c5380000)
 PSPermGen       total 21248K, used 5872K [0x00000000bae00000, 0x00000000bc2c0000, 0x00000000c0000000)
  object space 21248K, 27% used [0x00000000bae00000,0x00000000bb3bc048,0x00000000bc2c0000)
Event: 2.812 GC heap after
Heap after GC invocations=1 (full 0):
 PSYoungGen      total 37376K, used 5285K [0x00000000eaab0000, 0x00000000ed460000, 0x0000000100000000)
  eden space 32064K, 0% used [0x00000000eaab0000,0x00000000eaab0000,0x00000000eca00000)
  from space 5312K, 99% used [0x00000000eca00000,0x00000000ecf297d0,0x00000000ecf30000)
  to   space 5312K, 0% used [0x00000000ecf30000,0x00000000ecf30000,0x00000000ed460000)
 ParOldGen       total 85504K, used 1748K [0x00000000c0000000, 0x00000000c5380000, 0x00000000eaab0000)
  object space 85504K, 2% used [0x00000000c0000000,0x00000000c01b5250,0x00000000c5380000)
 PSPermGen       total 21248K, used 5872K [0x00000000bae00000, 0x00000000bc2c0000, 0x00000000c0000000)
  object space 21248K, 27% used [0x00000000bae00000,0x00000000bb3bc048,0x00000000bc2c0000)
}

Deoptimization events (10 events):
Event: 1.018 Thread 0x000000000b2c7800 Uncommon trap -34 fr.pc 0x00000000032f5a00
Event: 1.018 Thread 0x000000000b2c7800 Uncommon trap -34 fr.pc 0x00000000032f5a00
Event: 1.019 Thread 0x000000000b2c7800 Uncommon trap -34 fr.pc 0x00000000032f5a00
Event: 1.023 Thread 0x000000000b2c7800 Uncommon trap -34 fr.pc 0x00000000032f5a00
Event: 1.893 Thread 0x000000000b218000 Uncommon trap -34 fr.pc 0x00000000033251c0
Event: 1.893 Thread 0x000000000b218000 Uncommon trap -34 fr.pc 0x00000000033251c0
Event: 1.893 Thread 0x000000000b218000 Uncommon trap -83 fr.pc 0x0000000003313944
Event: 2.012 Thread 0x000000000b171000 Uncommon trap -83 fr.pc 0x000000000333975c
Event: 2.154 Thread 0x0000000002c7e000 Uncommon trap -34 fr.pc 0x00000000033251c0
Event: 2.821 Thread 0x000000000b2c8000 Uncommon trap -83 fr.pc 0x0000000003347194

Internal exceptions (10 events):
Event: 0.657 Thread 0x000000000b171000 Threw 0x00000000eb274030 at C:\jdk7u2_64p\jdk7u17\hotspot\src\share\vm\prims\jvm.cpp:1166
Event: 0.667 Thread 0x000000000b2c8000 Threw 0x00000000eb148ac0 at C:\jdk7u2_64p\jdk7u17\hotspot\src\share\vm\prims\jvm.cpp:1166
Event: 0.676 Thread 0x0000000002c7e000 Threw 0x00000000eb496c40 at C:\jdk7u2_64p\jdk7u17\hotspot\src\share\vm\prims\jvm.cpp:1166
Event: 0.688 Thread 0x000000000b218000 Threw 0x00000000eb3af3f8 at C:\jdk7u2_64p\jdk7u17\hotspot\src\share\vm\prims\jvm.cpp:1166
Event: 0.691 Thread 0x000000000b2c7800 Threw 0x00000000eb539850 at C:\jdk7u2_64p\jdk7u17\hotspot\src\share\vm\prims\jvm.cpp:1166
Event: 0.803 Thread 0x000000000b171000 Threw 0x00000000eb2d0f18 at C:\jdk7u2_64p\jdk7u17\hotspot\src\share\vm\prims\jvm.cpp:1166
Event: 0.810 Thread 0x0000000002c7e000 Threw 0x00000000eb5ae758 at C:\jdk7u2_64p\jdk7u17\hotspot\src\share\vm\prims\jvm.cpp:1166
Event: 0.829 Thread 0x0000000002c7e000 Threw 0x00000000eb5f0038 at C:\jdk7u2_64p\jdk7u17\hotspot\src\share\vm\prims\jvm.cpp:1166
Event: 0.873 Thread 0x000000000b218000 Implicit null exception at 0x00000000033023db to 0x0000000003302741
Event: 2.822 Thread 0x000000000b2c8000 Threw 0x00000000eab5eb08 at C:\jdk7u2_64p\jdk7u17\hotspot\src\share\vm\prims\jvm.cpp:1166

Events (10 events):
Event: 2.012 Thread 0x000000000b171000 DEOPT PACKING pc=0x000000000333975c sp=0x000000000b63e8e0
Event: 2.012 Thread 0x000000000b171000 DEOPT UNPACKING pc=0x00000000032b9164 sp=0x000000000b63e850 mode 2
Event: 2.154 Thread 0x0000000002c7e000 DEOPT PACKING pc=0x00000000033251c0 sp=0x000000000317e350
Event: 2.154 Thread 0x0000000002c7e000 DEOPT UNPACKING pc=0x00000000032b9164 sp=0x000000000317e2f8 mode 2
Event: 2.261 Executing VM operation: ParallelGCFailedAllocation
Event: 2.812 Executing VM operation: ParallelGCFailedAllocation done
Event: 2.821 Thread 0x000000000b2c8000 DEOPT PACKING pc=0x0000000003347194 sp=0x000000000ba3ec30
Event: 2.821 Thread 0x000000000b2c8000 DEOPT UNPACKING pc=0x00000000032b9164 sp=0x000000000ba3ebb8 mode 2
Event: 2.822 loading class 0x000000000b21e3f0
Event: 2.822 loading class 0x000000000b21e3f0 done


Dynamic libraries:
0x00007ff68bcf0000 - 0x00007ff68bd23000 	C:\Program Files\Java\jdk1.7.0_17\bin\java.exe
0x00007fff13410000 - 0x00007fff135d1000 	C:\Windows\SYSTEM32\ntdll.dll
0x00007fff13290000 - 0x00007fff1333d000 	C:\Windows\system32\KERNEL32.DLL
0x00007fff0fff0000 - 0x00007fff101cd000 	C:\Windows\system32\KERNELBASE.dll
0x00007fff115a0000 - 0x00007fff11646000 	C:\Windows\system32\ADVAPI32.dll
0x00007fff131f0000 - 0x00007fff1328d000 	C:\Windows\system32\msvcrt.dll
0x00007fff11340000 - 0x00007fff1139b000 	C:\Windows\system32\sechost.dll
0x00007fff10ba0000 - 0x00007fff10cc6000 	C:\Windows\system32\RPCRT4.dll
0x00007fff10cd0000 - 0x00007fff10e1e000 	C:\Windows\system32\USER32.dll
0x00007fff113a0000 - 0x00007fff11526000 	C:\Windows\system32\GDI32.dll
0x00007fff0a9f0000 - 0x00007fff0ac64000 	C:\Windows\WinSxS\amd64_microsoft.windows.common-controls_6595b64144ccf1df_6.0.10240.16384_none_f41f7b285750ef43\COMCTL32.dll
0x00007fff133a0000 - 0x00007fff133d6000 	C:\Windows\system32\IMM32.DLL
0x00007fff116c0000 - 0x00007fff1181c000 	C:\Windows\system32\MSCTF.dll
0x00007fff0fd30000 - 0x00007fff0fd61000 	C:\Windows\system32\nvinitx.dll
0x00007fff0fd20000 - 0x00007fff0fd2a000 	C:\Windows\SYSTEM32\VERSION.dll
0x000000000f000000 - 0x000000000f006000 	C:\Program Files\NVIDIA Corporation\CoProcManager\_etoured.dll
0x00007fff0d8b0000 - 0x00007fff0d8e2000 	C:\Program Files\NVIDIA Corporation\CoProcManager\nvd3d9wrapx.dll
0x00007fff11820000 - 0x00007fff119e5000 	C:\Windows\system32\SETUPAPI.dll
0x00007fff10800000 - 0x00007fff10844000 	C:\Windows\system32\CFGMGR32.dll
0x00007fff0d880000 - 0x00007fff0d8a2000 	C:\Program Files\NVIDIA Corporation\CoProcManager\nvdxgiwrapx.dll
0x0000000073590000 - 0x0000000073661000 	C:\Program Files\Java\jdk1.7.0_17\jre\bin\msvcr100.dll
0x0000000073cc0000 - 0x00000000743df000 	C:\Program Files\Java\jdk1.7.0_17\jre\bin\server\jvm.dll
0x00007fff119f0000 - 0x00007fff119f8000 	C:\Windows\system32\PSAPI.DLL
0x00007fff06d20000 - 0x00007fff06d29000 	C:\Windows\SYSTEM32\WSOCK32.dll
0x00007fff112d0000 - 0x00007fff11339000 	C:\Windows\system32\WS2_32.dll
0x00007fff11530000 - 0x00007fff11538000 	C:\Windows\system32\NSI.dll
0x00007fff0e470000 - 0x00007fff0e493000 	C:\Windows\SYSTEM32\WINMM.dll
0x00007fff0e410000 - 0x00007fff0e43c000 	C:\Windows\SYSTEM32\WINMMBASE.dll
0x00007fff0e6c0000 - 0x00007fff0e6e7000 	C:\Windows\SYSTEM32\DEVOBJ.dll
0x0000000073cb0000 - 0x0000000073cbf000 	C:\Program Files\Java\jdk1.7.0_17\jre\bin\verify.dll
0x0000000073c80000 - 0x0000000073ca8000 	C:\Program Files\Java\jdk1.7.0_17\jre\bin\java.dll
0x0000000073c60000 - 0x0000000073c75000 	C:\Program Files\Java\jdk1.7.0_17\jre\bin\zip.dll
0x0000000073c40000 - 0x0000000073c59000 	C:\Program Files\Java\jdk1.7.0_17\jre\bin\net.dll
0x00007fff0f600000 - 0x00007fff0f65d000 	C:\Windows\system32\mswsock.dll
0x0000000073c20000 - 0x0000000073c31000 	C:\Program Files\Java\jdk1.7.0_17\jre\bin\nio.dll

VM Arguments:
jvm_args: -Xmx1024M -Dfile.encoding=GBK -Duser.country=CN -Duser.language=zh -Duser.variant 
java_command: com.android.dx.command.Main --dex --num-threads=4 --output D:\sjs\android_projects\save项目\Save\app\build\intermediates\pre-dexed\debug\android-async-http-1.4.5-5cff31c413d146e73a47099a92a38dadde781903.jar C:\Users\xdsjs\.gradle\caches\modules-2\files-2.1\com.loopj.android\android-async-http\1.4.5\77bf7cacf9cefe19dc105e5425d2eb1bb5285881\android-async-http-1.4.5.jar
Launcher Type: SUN_STANDARD

Environment Variables:
JAVA_HOME=C:\Program Files\Java\jdk1.7.0_17
CLASSPATH= .;C:\Program Files\Java\jdk1.7.0_17\lib;C:\Program Files\Java\jdk1.7.0_17\lib\tools.jar
PATH=C:\Program Files (x86)\Intel\iCLS Client\;C:\Program Files\Intel\iCLS Client\;C:\Windows\system32;C:\Windows;C:\Windows\System32\Wbem;C:\Windows\System32\WindowsPowerShell\v1.0\;C:\Program Files\Java\jdk1.7.0_17\bin;C:\Program Files\Java\jdk1.7.0_17\jre\bin;D:\sjs备份文件\adt-bundle-windows-x86_64-20131030\sdk\platform-tools;D:\sjs备份文件\adt-bundle-windows-x86_64-20131030\sdk\tools;;C:\Program Files (x86)\NVIDIA Corporation\PhysX\Common;C:\Program Files (x86)\Windows Kits\8.1\Windows Performance Toolkit\;C:\Program Files\Microsoft SQL Server\110\Tools\Binn\;C:\Python27;C:\Program Files (x86)\QuickTime\QTSystem\
USERNAME=xdsjs
OS=Windows_NT
PROCESSOR_IDENTIFIER=Intel64 Family 6 Model 58 Stepping 9, GenuineIntel



---------------  S Y S T E M  ---------------

OS: Windows 8 , 64 bit Build 9200 

CPU:total 4 (2 cores per cpu, 2 threads per core) family 6 model 58 stepping 9, cmov, cx8, fxsr, mmx, sse, sse2, sse3, ssse3, sse4.1, sse4.2, popcnt, avx, ht, tsc, tscinvbit, tscinv

Memory: 4k page, physical 8202600k(2677728k free), swap 8202600k(16012k free)

vm_info: Java HotSpot(TM) 64-Bit Server VM (23.7-b01) for windows-amd64 JRE (1.7.0_17-b02), built on Mar  1 2013 03:38:30 by "java_re" with unknown MS VC++:1600

time: Thu Oct 22 10:55:27 2015
elapsed time: 3 seconds

