#
# There is insufficient memory for the Java Runtime Environment to continue.
# Native memory allocation (malloc) failed to allocate 1054656 bytes for Chunk::new
# Possible reasons:
#   The system is out of physical RAM or swap space
#   In 32 bit mode, the process size limit was hit
# Possible solutions:
#   Reduce memory load on the system
#   Increase physical memory or swap space
#   Check if swap backing store is full
#   Use 64 bit Java on a 64 bit OS
#   Decrease Java heap size (-Xmx/-Xms)
#   Decrease number of Java threads
#   Decrease Java thread stack sizes (-Xss)
#   Set larger code cache with -XX:ReservedCodeCacheSize=
# This output file may be truncated or incomplete.
#
#  Out of Memory Error (allocation.cpp:328), pid=1788, tid=2660
#
# JRE version: 7.0_17-b02
# Java VM: Java HotSpot(TM) 64-Bit Server VM (23.7-b01 mixed mode windows-amd64 compressed oops)
# Failed to write core dump. Minidumps are not enabled by default on client versions of Windows
#

---------------  T H R E A D  ---------------

Current thread (0x00000000091c4800):  JavaThread "C2 CompilerThread1" daemon [_thread_in_native, id=2660, stack(0x000000000a860000,0x000000000a960000)]

Stack: [0x000000000a860000,0x000000000a960000]

Current CompileTask:
C2:  22381 1394             com.android.utils.XmlUtils::append (471 bytes)


---------------  P R O C E S S  ---------------

Java Threads: ( => current thread )
  0x000000000b6d9800 JavaThread "stdout" daemon [_thread_in_native, id=828, stack(0x0000000014150000,0x0000000014250000)]
  0x000000000b6d7000 JavaThread "stderr" daemon [_thread_in_native, id=7000, stack(0x0000000014050000,0x0000000014150000)]
  0x000000000b6d8800 JavaThread "stdout" daemon [_thread_in_native, id=6976, stack(0x0000000013f50000,0x0000000014050000)]
  0x000000000b6d5000 JavaThread "stderr" daemon [_thread_in_native, id=5260, stack(0x0000000013e50000,0x0000000013f50000)]
  0x000000000b6db800 JavaThread "stdout" daemon [_thread_in_native, id=7888, stack(0x0000000013d50000,0x0000000013e50000)]
  0x000000000b6d3800 JavaThread "stderr" daemon [_thread_in_native, id=2528, stack(0x0000000013c50000,0x0000000013d50000)]
  0x000000000b6d8000 JavaThread "stdout" daemon [_thread_in_native, id=6372, stack(0x0000000013b50000,0x0000000013c50000)]
  0x000000000b6d4000 JavaThread "stderr" daemon [_thread_in_native, id=4456, stack(0x0000000013a50000,0x0000000013b50000)]
  0x000000000b6d6800 JavaThread "stdout" daemon [_thread_in_native, id=1016, stack(0x0000000013950000,0x0000000013a50000)]
  0x000000000b6da000 JavaThread "stderr" daemon [_thread_in_native, id=2004, stack(0x0000000013850000,0x0000000013950000)]
  0x000000000b54f000 JavaThread "stdout" daemon [_thread_in_native, id=5220, stack(0x0000000013650000,0x0000000013750000)]
  0x000000000b54e800 JavaThread "stderr" daemon [_thread_in_native, id=604, stack(0x0000000013550000,0x0000000013650000)]
  0x000000000b54d800 JavaThread "stdout" daemon [_thread_in_native, id=1124, stack(0x0000000013450000,0x0000000013550000)]
  0x000000000b54d000 JavaThread "stderr" daemon [_thread_in_native, id=4088, stack(0x0000000013350000,0x0000000013450000)]
  0x000000000b551800 JavaThread "stdout" daemon [_thread_in_native, id=6580, stack(0x0000000013250000,0x0000000013350000)]
  0x000000000b552000 JavaThread "stderr" daemon [_thread_in_native, id=3332, stack(0x0000000013150000,0x0000000013250000)]
  0x000000000b54c000 JavaThread "stdout" daemon [_thread_in_native, id=6460, stack(0x0000000013050000,0x0000000013150000)]
  0x000000000b550800 JavaThread "stdout" daemon [_thread_in_native, id=232, stack(0x0000000012f50000,0x0000000013050000)]
  0x000000000b550000 JavaThread "png-cruncher_20" daemon [_thread_blocked, id=3140, stack(0x0000000012e50000,0x0000000012f50000)]
  0x000000000b545800 JavaThread "png-cruncher_19" daemon [_thread_blocked, id=4460, stack(0x0000000012d50000,0x0000000012e50000)]
  0x000000000b544800 JavaThread "png-cruncher_18" daemon [_thread_blocked, id=8004, stack(0x0000000012c50000,0x0000000012d50000)]
  0x000000000b54a800 JavaThread "png-cruncher_17" daemon [_thread_blocked, id=5404, stack(0x0000000012b50000,0x0000000012c50000)]
  0x000000000b546000 JavaThread "png-cruncher_16" daemon [_thread_blocked, id=7372, stack(0x0000000012a50000,0x0000000012b50000)]
  0x000000000b54b800 JavaThread "stdout" daemon [_thread_in_native, id=3152, stack(0x0000000012950000,0x0000000012a50000)]
  0x000000000b543000 JavaThread "stderr" daemon [_thread_in_native, id=2340, stack(0x0000000012850000,0x0000000012950000)]
  0x000000000b544000 JavaThread "stdout" daemon [_thread_in_native, id=3724, stack(0x0000000012750000,0x0000000012850000)]
  0x000000000b54a000 JavaThread "stderr" daemon [_thread_in_native, id=4072, stack(0x0000000012650000,0x0000000012750000)]
  0x000000000b547000 JavaThread "stdout" daemon [_thread_in_native, id=6644, stack(0x0000000012550000,0x0000000012650000)]
  0x000000000b549000 JavaThread "stderr" daemon [_thread_in_native, id=2460, stack(0x0000000012450000,0x0000000012550000)]
  0x000000000b548800 JavaThread "stderr" daemon [_thread_in_native, id=572, stack(0x0000000012350000,0x0000000012450000)]
  0x000000000b547800 JavaThread "stderr" daemon [_thread_in_native, id=2040, stack(0x0000000012250000,0x0000000012350000)]
  0x000000000b7ce000 JavaThread "stdout" daemon [_thread_in_native, id=176, stack(0x0000000012150000,0x0000000012250000)]
  0x000000000b7cd000 JavaThread "stderr" daemon [_thread_in_native, id=1968, stack(0x0000000012050000,0x0000000012150000)]
  0x000000000b7ce800 JavaThread "stdout" daemon [_thread_in_native, id=6456, stack(0x0000000011f50000,0x0000000012050000)]
  0x000000000b7cc800 JavaThread "stderr" daemon [_thread_in_native, id=3720, stack(0x0000000011e50000,0x0000000011f50000)]
  0x000000000b7cf800 JavaThread "stdout" daemon [_thread_in_native, id=7016, stack(0x0000000011d50000,0x0000000011e50000)]
  0x000000000b7c5800 JavaThread "stderr" daemon [_thread_in_native, id=5200, stack(0x0000000011c50000,0x0000000011d50000)]
  0x000000000b7c5000 JavaThread "stdout" daemon [_thread_in_native, id=3348, stack(0x0000000011b50000,0x0000000011c50000)]
  0x000000000b7cb800 JavaThread "stderr" daemon [_thread_in_native, id=5008, stack(0x0000000011a50000,0x0000000011b50000)]
  0x000000000b7cb000 JavaThread "stdout" daemon [_thread_in_native, id=5560, stack(0x0000000011950000,0x0000000011a50000)]
  0x000000000b7c4000 JavaThread "stderr" daemon [_thread_in_native, id=7200, stack(0x0000000011850000,0x0000000011950000)]
  0x000000000b7c3800 JavaThread "stdout" daemon [_thread_in_native, id=5796, stack(0x0000000011750000,0x0000000011850000)]
  0x000000000b7c9800 JavaThread "stderr" daemon [_thread_in_native, id=4056, stack(0x0000000011650000,0x0000000011750000)]
  0x000000000b7c8800 JavaThread "stdout" daemon [_thread_in_native, id=7540, stack(0x0000000011450000,0x0000000011550000)]
  0x000000000b7ca000 JavaThread "stderr" daemon [_thread_in_native, id=5468, stack(0x0000000011350000,0x0000000011450000)]
  0x000000000b7c2000 JavaThread "png-cruncher_15" daemon [_thread_blocked, id=6100, stack(0x0000000011150000,0x0000000011250000)]
  0x000000000b7c1000 JavaThread "png-cruncher_14" daemon [_thread_blocked, id=5500, stack(0x0000000011050000,0x0000000011150000)]
  0x000000000b7c2800 JavaThread "png-cruncher_13" daemon [_thread_blocked, id=5464, stack(0x0000000010f50000,0x0000000011050000)]
  0x000000000b7c6800 JavaThread "png-cruncher_12" daemon [_thread_blocked, id=2436, stack(0x0000000010e50000,0x0000000010f50000)]
  0x000000000b7c8000 JavaThread "png-cruncher_11" daemon [_thread_blocked, id=7976, stack(0x0000000010d50000,0x0000000010e50000)]
  0x000000000b7c0800 JavaThread "png-cruncher_10" daemon [_thread_blocked, id=3516, stack(0x0000000010c50000,0x0000000010d50000)]
  0x000000000b7c7000 JavaThread "png-cruncher_9" daemon [_thread_blocked, id=7640, stack(0x0000000010b50000,0x0000000010c50000)]
  0x000000000ffe9000 JavaThread "png-cruncher_8" daemon [_thread_blocked, id=5724, stack(0x0000000010a50000,0x0000000010b50000)]
  0x000000000ffe7800 JavaThread "png-cruncher_7" daemon [_thread_blocked, id=4704, stack(0x0000000010950000,0x0000000010a50000)]
  0x000000000ffee000 JavaThread "png-cruncher_6" daemon [_thread_blocked, id=3104, stack(0x0000000010850000,0x0000000010950000)]
  0x000000000ffed800 JavaThread "png-cruncher_5" daemon [_thread_blocked, id=7048, stack(0x0000000010750000,0x0000000010850000)]
  0x000000000ffea800 JavaThread "png-cruncher_4" daemon [_thread_blocked, id=1068, stack(0x0000000010650000,0x0000000010750000)]
  0x000000000ffe8000 JavaThread "png-cruncher_3" daemon [_thread_blocked, id=2152, stack(0x0000000010550000,0x0000000010650000)]
  0x000000000ffec000 JavaThread "png-cruncher_2" daemon [_thread_blocked, id=1964, stack(0x0000000010450000,0x0000000010550000)]
  0x000000000ffeb000 JavaThread "png-cruncher_1" daemon [_thread_blocked, id=2244, stack(0x0000000010350000,0x0000000010450000)]
  0x000000000ffe9800 JavaThread "pool-1-thread-4" [_thread_blocked, id=1888, stack(0x000000000f210000,0x000000000f310000)]
  0x000000000db85800 JavaThread "pool-1-thread-3" [_thread_blocked, id=7832, stack(0x000000000f110000,0x000000000f210000)]
  0x000000000bffd800 JavaThread "pool-1-thread-2" [_thread_blocked, id=3396, stack(0x000000000f010000,0x000000000f110000)]
  0x000000000d7dd000 JavaThread "pool-1-thread-1" [_thread_blocked, id=4668, stack(0x000000000eeb0000,0x000000000efb0000)]
  0x000000000eb59800 JavaThread "Stdin handler" [_thread_blocked, id=5992, stack(0x000000000cd10000,0x000000000ce10000)]
  0x000000000b2e6800 JavaThread "Cancel handler" [_thread_blocked, id=1488, stack(0x000000000cb10000,0x000000000cc10000)]
  0x000000000b990000 JavaThread "Handler for socket connection from /127.0.0.1:61840 to /127.0.0.1:61852" [_thread_in_native, id=6544, stack(0x000000000ca10000,0x000000000cb10000)]
  0x000000000b8c6800 JavaThread "File lock request listener" [_thread_in_native, id=5348, stack(0x000000000ce10000,0x000000000cf10000)]
  0x000000000b9b1800 JavaThread "Daemon worker" [_thread_in_native, id=5624, stack(0x000000000cc10000,0x000000000cd10000)]
  0x000000000b9a8800 JavaThread "Daemon" [_thread_blocked, id=3376, stack(0x000000000c8a0000,0x000000000c9a0000)]
  0x000000000bad2800 JavaThread "Incoming local TCP Connector on port 61840" [_thread_in_native, id=6224, stack(0x000000000c790000,0x000000000c890000)]
  0x00000000091d4000 JavaThread "Service Thread" daemon [_thread_blocked, id=6712, stack(0x000000000a960000,0x000000000aa60000)]
=>0x00000000091c4800 JavaThread "C2 CompilerThread1" daemon [_thread_in_native, id=2660, stack(0x000000000a860000,0x000000000a960000)]
  0x00000000091c2800 JavaThread "C2 CompilerThread0" daemon [_thread_in_native, id=5156, stack(0x000000000a760000,0x000000000a860000)]
  0x00000000091c1800 JavaThread "Attach Listener" daemon [_thread_blocked, id=664, stack(0x000000000a660000,0x000000000a760000)]
  0x000000000919c800 JavaThread "Signal Dispatcher" daemon [_thread_blocked, id=288, stack(0x000000000a560000,0x000000000a660000)]
  0x0000000009137800 JavaThread "Finalizer" daemon [_thread_blocked, id=6016, stack(0x000000000a460000,0x000000000a560000)]
  0x000000000912e800 JavaThread "Reference Handler" daemon [_thread_blocked, id=5864, stack(0x000000000a360000,0x000000000a460000)]
  0x000000000256e000 JavaThread "main" [_thread_blocked, id=7620, stack(0x00000000023b0000,0x00000000024b0000)]

Other Threads:
  0x0000000009126000 VMThread [stack: 0x000000000a260000,0x000000000a360000] [id=6588]
  0x00000000091f3800 WatcherThread [stack: 0x000000000aa60000,0x000000000ab60000] [id=6696]

VM state:not at safepoint (normal execution)

VM Mutex/Monitor currently owned by a thread: None

Heap
 PSYoungGen      total 336128K, used 186243K [0x00000000eaab0000, 0x0000000100000000, 0x0000000100000000)
  eden space 322752K, 57% used [0x00000000eaab0000,0x00000000f6090c28,0x00000000fe5e0000)
  from space 13376K, 0% used [0x00000000fe5e0000,0x00000000fe5e0000,0x00000000ff2f0000)
  to   space 13376K, 0% used [0x00000000ff2f0000,0x00000000ff2f0000,0x0000000100000000)
 ParOldGen       total 90688K, used 48315K [0x00000000c0000000, 0x00000000c5890000, 0x00000000eaab0000)
  object space 90688K, 53% used [0x00000000c0000000,0x00000000c2f2efc0,0x00000000c5890000)
 PSPermGen       total 106880K, used 55051K [0x00000000b0000000, 0x00000000b6860000, 0x00000000c0000000)
  object space 106880K, 51% used [0x00000000b0000000,0x00000000b35c2f80,0x00000000b6860000)

Card table byte_map: [0x0000000005670000,0x0000000005900000] byte_map_base: 0x00000000050f0000

Polling page: 0x0000000000840000

Code Cache  [0x0000000002670000, 0x0000000002ba0000, 0x0000000005670000)
 total_blobs=1907 nmethods=1287 adapters=570 free_code_cache=43947Kb largest_free_block=44941952

Compilation events (10 events):
Event: 22.331 Thread 0x00000000091c2800 1395             com.sun.org.apache.xerces.internal.dom.NodeImpl::hasStringValue (29 bytes)
Event: 22.331 Thread 0x00000000091c2800 nmethod 1395 0x0000000002929a90 code [0x0000000002929bc0, 0x0000000002929c38]
Event: 22.332 Thread 0x00000000091c2800 1396             com.sun.org.apache.xerces.internal.dom.DocumentImpl::getMutationEvents (5 bytes)
Event: 22.332 Thread 0x00000000091c2800 nmethod 1396 0x0000000002929850 code [0x0000000002929980, 0x00000000029299d8]
Event: 22.349 Thread 0x00000000091c2800 1397             com.sun.org.apache.xerces.internal.impl.XMLDocumentFragmentScannerImpl$ElementStack::<init> (57 bytes)
Event: 22.354 Thread 0x00000000091c2800 nmethod 1397 0x0000000002b8cb50 code [0x0000000002b8ccc0, 0x0000000002b8d0d8]
Event: 22.355 Thread 0x00000000091c2800 1398             com.sun.org.apache.xerces.internal.impl.XMLDocumentFragmentScannerImpl$ElementStack2::<init> (59 bytes)
Event: 22.359 Thread 0x00000000091c2800 nmethod 1398 0x0000000002b207d0 code [0x0000000002b20940, 0x0000000002b20cd8]
Event: 22.359 Thread 0x00000000091c2800 1399             com.sun.org.apache.xerces.internal.dom.ParentNode::getChildNodes (13 bytes)
Event: 22.361 Thread 0x00000000091c2800 nmethod 1399 0x0000000002b20310 code [0x0000000002b20480, 0x0000000002b205d8]

GC Heap History (10 events):
Event: 6.327 GC heap before
{Heap before GC invocations=9 (full 0):
 PSYoungGen      total 260352K, used 257559K [0x00000000eaab0000, 0x00000000fb1b0000, 0x0000000100000000)
  eden space 251584K, 100% used [0x00000000eaab0000,0x00000000fa060000,0x00000000fa060000)
  from space 8768K, 68% used [0x00000000fa900000,0x00000000faed5fd8,0x00000000fb190000)
  to   space 8832K, 0% used [0x00000000fa060000,0x00000000fa060000,0x00000000fa900000)
 ParOldGen       total 41792K, used 16433K [0x00000000c0000000, 0x00000000c28d0000, 0x00000000eaab0000)
  object space 41792K, 39% used [0x00000000c0000000,0x00000000c100c618,0x00000000c28d0000)
 PSPermGen       total 25280K, used 25103K [0x00000000b0000000, 0x00000000b18b0000, 0x00000000c0000000)
  object space 25280K, 99% used [0x00000000b0000000,0x00000000b1883e90,0x00000000b18b0000)
Event: 6.337 GC heap after
Heap after GC invocations=9 (full 0):
 PSYoungGen      total 260416K, used 8564K [0x00000000eaab0000, 0x0000000100000000, 0x0000000100000000)
  eden space 251584K, 0% used [0x00000000eaab0000,0x00000000eaab0000,0x00000000fa060000)
  from space 8832K, 96% used [0x00000000fa060000,0x00000000fa8bd1f0,0x00000000fa900000)
  to   space 9920K, 0% used [0x00000000ff650000,0x00000000ff650000,0x0000000100000000)
 ParOldGen       total 41792K, used 17235K [0x00000000c0000000, 0x00000000c28d0000, 0x00000000eaab0000)
  object space 41792K, 41% used [0x00000000c0000000,0x00000000c10d4f60,0x00000000c28d0000)
 PSPermGen       total 25280K, used 25103K [0x00000000b0000000, 0x00000000b18b0000, 0x00000000c0000000)
  object space 25280K, 99% used [0x00000000b0000000,0x00000000b1883e90,0x00000000b18b0000)
}
Event: 8.856 GC heap before
{Heap before GC invocations=10 (full 0):
 PSYoungGen      total 260416K, used 260148K [0x00000000eaab0000, 0x0000000100000000, 0x0000000100000000)
  eden space 251584K, 100% used [0x00000000eaab0000,0x00000000fa060000,0x00000000fa060000)
  from space 8832K, 96% used [0x00000000fa060000,0x00000000fa8bd1f0,0x00000000fa900000)
  to   space 9920K, 0% used [0x00000000ff650000,0x00000000ff650000,0x0000000100000000)
 ParOldGen       total 41792K, used 17235K [0x00000000c0000000, 0x00000000c28d0000, 0x00000000eaab0000)
  object space 41792K, 41% used [0x00000000c0000000,0x00000000c10d4f60,0x00000000c28d0000)
 PSPermGen       total 31232K, used 31084K [0x00000000b0000000, 0x00000000b1e80000, 0x00000000c0000000)
  object space 31232K, 99% used [0x00000000b0000000,0x00000000b1e5b1d8,0x00000000b1e80000)
Event: 8.871 GC heap after
Heap after GC invocations=10 (full 0):
 PSYoungGen      total 332672K, used 9899K [0x00000000eaab0000, 0x0000000100000000, 0x0000000100000000)
  eden space 322752K, 0% used [0x00000000eaab0000,0x00000000eaab0000,0x00000000fe5e0000)
  from space 9920K, 99% used [0x00000000ff650000,0x00000000ffffadd8,0x0000000100000000)
  to   space 13376K, 0% used [0x00000000fe5e0000,0x00000000fe5e0000,0x00000000ff2f0000)
 ParOldGen       total 41792K, used 23236K [0x00000000c0000000, 0x00000000c28d0000, 0x00000000eaab0000)
  object space 41792K, 55% used [0x00000000c0000000,0x00000000c16b1388,0x00000000c28d0000)
 PSPermGen       total 31232K, used 31084K [0x00000000b0000000, 0x00000000b1e80000, 0x00000000c0000000)
  object space 31232K, 99% used [0x00000000b0000000,0x00000000b1e5b1d8,0x00000000b1e80000)
}
Event: 12.829 GC heap before
{Heap before GC invocations=11 (full 0):
 PSYoungGen      total 332672K, used 265150K [0x00000000eaab0000, 0x0000000100000000, 0x0000000100000000)
  eden space 322752K, 79% used [0x00000000eaab0000,0x00000000fa3f4d90,0x00000000fe5e0000)
  from space 9920K, 99% used [0x00000000ff650000,0x00000000ffffadd8,0x0000000100000000)
  to   space 13376K, 0% used [0x00000000fe5e0000,0x00000000fe5e0000,0x00000000ff2f0000)
 ParOldGen       total 41792K, used 23236K [0x00000000c0000000, 0x00000000c28d0000, 0x00000000eaab0000)
  object space 41792K, 55% used [0x00000000c0000000,0x00000000c16b1388,0x00000000c28d0000)
 PSPermGen       total 43712K, used 43623K [0x00000000b0000000, 0x00000000b2ab0000, 0x00000000c0000000)
  object space 43712K, 99% used [0x00000000b0000000,0x00000000b2a99d50,0x00000000b2ab0000)
Event: 12.872 GC heap after
Heap after GC invocations=11 (full 0):
 PSYoungGen      total 336128K, used 13375K [0x00000000eaab0000, 0x0000000100000000, 0x0000000100000000)
  eden space 322752K, 0% used [0x00000000eaab0000,0x00000000eaab0000,0x00000000fe5e0000)
  from space 13376K, 99% used [0x00000000fe5e0000,0x00000000ff2eff30,0x00000000ff2f0000)
  to   space 13376K, 0% used [0x00000000ff2f0000,0x00000000ff2f0000,0x0000000100000000)
 ParOldGen       total 48320K, used 48228K [0x00000000c0000000, 0x00000000c2f30000, 0x00000000eaab0000)
  object space 48320K, 99% used [0x00000000c0000000,0x00000000c2f19378,0x00000000c2f30000)
 PSPermGen       total 43712K, used 43623K [0x00000000b0000000, 0x00000000b2ab0000, 0x00000000c0000000)
  object space 43712K, 99% used [0x00000000b0000000,0x00000000b2a99d50,0x00000000b2ab0000)
}
Event: 12.872 GC heap before
{Heap before GC invocations=12 (full 1):
 PSYoungGen      total 336128K, used 13375K [0x00000000eaab0000, 0x0000000100000000, 0x0000000100000000)
  eden space 322752K, 0% used [0x00000000eaab0000,0x00000000eaab0000,0x00000000fe5e0000)
  from space 13376K, 99% used [0x00000000fe5e0000,0x00000000ff2eff30,0x00000000ff2f0000)
  to   space 13376K, 0% used [0x00000000ff2f0000,0x00000000ff2f0000,0x0000000100000000)
 ParOldGen       total 48320K, used 48228K [0x00000000c0000000, 0x00000000c2f30000, 0x00000000eaab0000)
  object space 48320K, 99% used [0x00000000c0000000,0x00000000c2f19378,0x00000000c2f30000)
 PSPermGen       total 43712K, used 43623K [0x00000000b0000000, 0x00000000b2ab0000, 0x00000000c0000000)
  object space 43712K, 99% used [0x00000000b0000000,0x00000000b2a99d50,0x00000000b2ab0000)
Event: 13.250 GC heap after
Heap after GC invocations=12 (full 1):
 PSYoungGen      total 336128K, used 2039K [0x00000000eaab0000, 0x0000000100000000, 0x0000000100000000)
  eden space 322752K, 0% used [0x00000000eaab0000,0x00000000eaab0000,0x00000000fe5e0000)
  from space 13376K, 15% used [0x00000000fe5e0000,0x00000000fe7dddc0,0x00000000ff2f0000)
  to   space 13376K, 0% used [0x00000000ff2f0000,0x00000000ff2f0000,0x0000000100000000)
 ParOldGen       total 48320K, used 48316K [0x00000000c0000000, 0x00000000c2f30000, 0x00000000eaab0000)
  object space 48320K, 99% used [0x00000000c0000000,0x00000000c2f2f200,0x00000000c2f30000)
 PSPermGen       total 87360K, used 43439K [0x00000000b0000000, 0x00000000b5550000, 0x00000000c0000000)
  object space 87360K, 49% used [0x00000000b0000000,0x00000000b2a6bd98,0x00000000b5550000)
}
Event: 21.358 GC heap before
{Heap before GC invocations=13 (full 2):
 PSYoungGen      total 336128K, used 324791K [0x00000000eaab0000, 0x0000000100000000, 0x0000000100000000)
  eden space 322752K, 100% used [0x00000000eaab0000,0x00000000fe5e0000,0x00000000fe5e0000)
  from space 13376K, 15% used [0x00000000fe5e0000,0x00000000fe7dddc0,0x00000000ff2f0000)
  to   space 13376K, 0% used [0x00000000ff2f0000,0x00000000ff2f0000,0x0000000100000000)
 ParOldGen       total 48320K, used 48316K [0x00000000c0000000, 0x00000000c2f30000, 0x00000000eaab0000)
  object space 48320K, 99% used [0x00000000c0000000,0x00000000c2f2f200,0x00000000c2f30000)
 PSPermGen       total 87360K, used 54949K [0x00000000b0000000, 0x00000000b5550000, 0x00000000c0000000)
  object space 87360K, 62% used [0x00000000b0000000,0x00000000b35a95c0,0x00000000b5550000)
Event: 21.674 GC heap after
Heap after GC invocations=13 (full 2):
 PSYoungGen      total 336128K, used 21457K [0x00000000eaab0000, 0x0000000100000000, 0x0000000100000000)
  eden space 322752K, 6% used [0x00000000eaab0000,0x00000000ebfa44b8,0x00000000fe5e0000)
  from space 13376K, 0% used [0x00000000fe5e0000,0x00000000fe5e0000,0x00000000ff2f0000)
  to   space 13376K, 0% used [0x00000000ff2f0000,0x00000000ff2f0000,0x0000000100000000)
 ParOldGen       total 90688K, used 48315K [0x00000000c0000000, 0x00000000c5890000, 0x00000000eaab0000)
  object space 90688K, 53% used [0x00000000c0000000,0x00000000c2f2efc0,0x00000000c5890000)
 PSPermGen       total 106880K, used 54942K [0x00000000b0000000, 0x00000000b6860000, 0x00000000c0000000)
  object space 106880K, 51% used [0x00000000b0000000,0x00000000b35a7900,0x00000000b6860000)
}

Deoptimization events (10 events):
Event: 20.831 Thread 0x000000000b9b1800 Uncommon trap -83 fr.pc 0x00000000028e7c10
Event: 20.831 Thread 0x000000000b9b1800 Uncommon trap -83 fr.pc 0x00000000028e7c10
Event: 20.908 Thread 0x000000000b9b1800 Uncommon trap 331 fr.pc 0x0000000002935480
Event: 21.077 Thread 0x000000000b9b1800 Uncommon trap -83 fr.pc 0x0000000002aea558
Event: 21.314 Thread 0x000000000b9b1800 Uncommon trap -12 fr.pc 0x0000000002b19a90
Event: 21.319 Thread 0x000000000bffd800 Uncommon trap -83 fr.pc 0x0000000002859dec
Event: 21.320 Thread 0x000000000b9b1800 Uncommon trap -12 fr.pc 0x0000000002b195b0
Event: 21.329 Thread 0x000000000b9b1800 Uncommon trap -83 fr.pc 0x00000000029440b0
Event: 21.330 Thread 0x000000000b9b1800 Uncommon trap -83 fr.pc 0x00000000026d7cb4
Event: 22.164 Thread 0x000000000b7c5000 Uncommon trap -83 fr.pc 0x00000000028b739c

Internal exceptions (10 events):
Event: 21.683 Thread 0x000000000ffeb000 Threw 0x00000000ebfc34e0 at C:\jdk7u2_64p\jdk7u17\hotspot\src\share\vm\prims\jvm.cpp:1166
Event: 21.720 Thread 0x000000000ffeb000 Threw 0x00000000ebfcab20 at C:\jdk7u2_64p\jdk7u17\hotspot\src\share\vm\prims\jvm.cpp:1166
Event: 21.721 Thread 0x000000000ffeb000 Threw 0x00000000ebfd0d68 at C:\jdk7u2_64p\jdk7u17\hotspot\src\share\vm\prims\jvm.cpp:1166
Event: 21.788 Thread 0x000000000b9b1800 Threw 0x00000000ec3938f8 at C:\jdk7u2_64p\jdk7u17\hotspot\src\share\vm\prims\jvm.cpp:1166
Event: 22.163 Thread 0x000000000b7c5000 Threw 0x00000000f386c0f0 at C:\jdk7u2_64p\jdk7u17\hotspot\src\share\vm\prims\jni.cpp:742
Event: 22.163 Thread 0x000000000b7c5000 Threw 0x00000000f3870a28 at C:\jdk7u2_64p\jdk7u17\hotspot\src\share\vm\prims\jni.cpp:742
Event: 22.164 Thread 0x000000000b7c5000 Threw 0x00000000f3870bb0 at C:\jdk7u2_64p\jdk7u17\hotspot\src\share\vm\prims\jni.cpp:742
Event: 22.164 Thread 0x000000000b7c5000 Threw 0x00000000f3870ed0 at C:\jdk7u2_64p\jdk7u17\hotspot\src\share\vm\prims\jni.cpp:742
Event: 22.164 Thread 0x000000000b7c5000 Threw 0x00000000f3871060 at C:\jdk7u2_64p\jdk7u17\hotspot\src\share\vm\prims\jni.cpp:742
Event: 22.164 Thread 0x000000000b7c5000 Implicit null exception at 0x00000000028b7298 to 0x00000000028b738d

Events (10 events):
Event: 22.165 Executing VM operation: RevokeBias
Event: 22.166 Executing VM operation: RevokeBias done
Event: 22.166 Executing VM operation: RevokeBias
Event: 22.166 Executing VM operation: RevokeBias done
Event: 22.166 Executing VM operation: RevokeBias
Event: 22.167 Executing VM operation: RevokeBias done
Event: 22.167 Executing VM operation: RevokeBias
Event: 22.167 Executing VM operation: RevokeBias done
Event: 22.167 Executing VM operation: RevokeBias
Event: 22.167 Executing VM operation: RevokeBias done


Dynamic libraries:
0x00007ff6724e0000 - 0x00007ff672513000 	C:\Program Files\Java\jdk1.7.0_17\bin\java.exe
0x00007ffe064b0000 - 0x00007ffe06671000 	C:\Windows\SYSTEM32\ntdll.dll
0x00007ffe06020000 - 0x00007ffe060cd000 	C:\Windows\system32\KERNEL32.DLL
0x00007ffe03770000 - 0x00007ffe0394d000 	C:\Windows\system32\KERNELBASE.dll
0x00007ffe05910000 - 0x00007ffe059b6000 	C:\Windows\system32\ADVAPI32.dll
0x00007ffe03b80000 - 0x00007ffe03c1d000 	C:\Windows\system32\msvcrt.dll
0x00007ffe06170000 - 0x00007ffe061cb000 	C:\Windows\system32\sechost.dll
0x00007ffe03e00000 - 0x00007ffe03f26000 	C:\Windows\system32\RPCRT4.dll
0x00007ffe04170000 - 0x00007ffe042be000 	C:\Windows\system32\USER32.dll
0x00007ffe03fe0000 - 0x00007ffe04166000 	C:\Windows\system32\GDI32.dll
0x00007ffdfdc00000 - 0x00007ffdfde74000 	C:\Windows\WinSxS\amd64_microsoft.windows.common-controls_6595b64144ccf1df_6.0.10240.16384_none_f41f7b285750ef43\COMCTL32.dll
0x00007ffe060d0000 - 0x00007ffe06106000 	C:\Windows\system32\IMM32.DLL
0x00007ffe05c40000 - 0x00007ffe05d9c000 	C:\Windows\system32\MSCTF.dll
0x00007ffe02dd0000 - 0x00007ffe02e01000 	C:\Windows\system32\nvinitx.dll
0x00007ffe02dc0000 - 0x00007ffe02dca000 	C:\Windows\SYSTEM32\VERSION.dll
0x000000000f000000 - 0x000000000f006000 	C:\Program Files\NVIDIA Corporation\CoProcManager\_etoured.dll
0x00007ffe00f40000 - 0x00007ffe00f72000 	C:\Program Files\NVIDIA Corporation\CoProcManager\nvd3d9wrapx.dll
0x00007ffe03c20000 - 0x00007ffe03de5000 	C:\Windows\system32\SETUPAPI.dll
0x00007ffe02f80000 - 0x00007ffe02fc4000 	C:\Windows\system32\CFGMGR32.dll
0x00007ffe009f0000 - 0x00007ffe00a12000 	C:\Program Files\NVIDIA Corporation\CoProcManager\nvdxgiwrapx.dll
0x0000000062170000 - 0x0000000062241000 	C:\Program Files\Java\jdk1.7.0_17\jre\bin\msvcr100.dll
0x00000000625d0000 - 0x0000000062cef000 	C:\Program Files\Java\jdk1.7.0_17\jre\bin\server\jvm.dll
0x00007ffe061d0000 - 0x00007ffe061d8000 	C:\Windows\system32\PSAPI.DLL
0x00007ffdf9660000 - 0x00007ffdf9669000 	C:\Windows\SYSTEM32\WSOCK32.dll
0x00007ffe01510000 - 0x00007ffe01533000 	C:\Windows\SYSTEM32\WINMM.dll
0x00007ffe061e0000 - 0x00007ffe06249000 	C:\Windows\system32\WS2_32.dll
0x00007ffe06330000 - 0x00007ffe06338000 	C:\Windows\system32\NSI.dll
0x00007ffe01480000 - 0x00007ffe014ac000 	C:\Windows\SYSTEM32\WINMMBASE.dll
0x00007ffe01760000 - 0x00007ffe01787000 	C:\Windows\SYSTEM32\DEVOBJ.dll
0x0000000063050000 - 0x000000006305f000 	C:\Program Files\Java\jdk1.7.0_17\jre\bin\verify.dll
0x00000000625a0000 - 0x00000000625c8000 	C:\Program Files\Java\jdk1.7.0_17\jre\bin\java.dll
0x0000000062580000 - 0x0000000062595000 	C:\Program Files\Java\jdk1.7.0_17\jre\bin\zip.dll
0x0000000062560000 - 0x0000000062579000 	C:\Program Files\Java\jdk1.7.0_17\jre\bin\net.dll
0x00007ffe026a0000 - 0x00007ffe026fd000 	C:\Windows\system32\mswsock.dll
0x0000000062540000 - 0x0000000062551000 	C:\Program Files\Java\jdk1.7.0_17\jre\bin\nio.dll
0x00007ffe02700000 - 0x00007ffe02717000 	C:\Windows\SYSTEM32\CRYPTSP.dll
0x00007ffe02e10000 - 0x00007ffe02e38000 	C:\Windows\SYSTEM32\bcrypt.dll
0x00007ffe02350000 - 0x00007ffe02383000 	C:\Windows\system32\rsaenh.dll
0x00007ffe02440000 - 0x00007ffe0245f000 	C:\Windows\SYSTEM32\USERENV.dll
0x00007ffe02ee0000 - 0x00007ffe02ef3000 	C:\Windows\system32\profapi.dll
0x00007ffe02cb0000 - 0x00007ffe02d1b000 	C:\Windows\system32\bcryptprimitives.dll
0x00007ffe02870000 - 0x00007ffe0287b000 	C:\Windows\SYSTEM32\CRYPTBASE.dll
0x00007ffdf5a50000 - 0x00007ffdf5a65000 	C:\Windows\system32\napinsp.dll
0x00007ffdf5a70000 - 0x00007ffdf5a8a000 	C:\Windows\system32\pnrpnsp.dll
0x00007ffe00a20000 - 0x00007ffe00a38000 	C:\Windows\system32\NLAapi.dll
0x00007ffe02460000 - 0x00007ffe02508000 	C:\Windows\SYSTEM32\DNSAPI.dll
0x00007ffdf5ae0000 - 0x00007ffdf5aed000 	C:\Windows\System32\winrnr.dll
0x0000000063230000 - 0x0000000063256000 	C:\Program Files\Bonjour\mdnsNSP.dll
0x00007ffe00360000 - 0x00007ffe00398000 	C:\Windows\SYSTEM32\Iphlpapi.DLL
0x00007ffdffdb0000 - 0x00007ffdffdbb000 	C:\Windows\SYSTEM32\WINNSI.DLL
0x00007ffdfab80000 - 0x00007ffdfab8a000 	C:\Windows\System32\rasadhlp.dll
0x00007ffdfca30000 - 0x00007ffdfca98000 	C:\Windows\System32\fwpuclnt.dll
0x00007ffdea460000 - 0x00007ffdea472000 	C:\Users\xdsjs\AppData\Local\Temp\native-platform7674488271808380497dir\native-platform.dll
0x00007ffe057f0000 - 0x00007ffe05841000 	C:\Windows\system32\SHLWAPI.dll
0x00007ffe05da0000 - 0x00007ffe0601c000 	C:\Windows\system32\combase.dll
0x00007ffdfc9c0000 - 0x00007ffdfc9d6000 	C:\Windows\SYSTEM32\dhcpcsvc6.DLL
0x00007ffdfc9a0000 - 0x00007ffdfc9ba000 	C:\Windows\SYSTEM32\dhcpcsvc.DLL

VM Arguments:
jvm_args: -XX:MaxPermSize=256m -XX:+HeapDumpOnOutOfMemoryError -Xmx1024m -Dfile.encoding=GBK -Duser.country=CN -Duser.language=zh -Duser.variant 
java_command: org.gradle.launcher.daemon.bootstrap.GradleDaemon 2.2.1 C:\Users\xdsjs\.gradle\daemon 10800000 a0575a59-4cc1-4919-b4f9-f5b0c6022771 -XX:MaxPermSize=256m -XX:+HeapDumpOnOutOfMemoryError -Xmx1024m -Dfile.encoding=GBK -Duser.country=CN -Duser.language=zh -Duser.variant
Launcher Type: SUN_STANDARD

Environment Variables:
JAVA_HOME=C:\Program Files\Java\jdk1.7.0_17
CLASSPATH= .;C:\Program Files\Java\jdk1.7.0_17\lib;C:\Program Files\Java\jdk1.7.0_17\lib\tools.jar
PATH=C:\Program Files (x86)\Intel\iCLS Client\;C:\Program Files\Intel\iCLS Client\;C:\Windows\system32;C:\Windows;C:\Windows\System32\Wbem;C:\Windows\System32\WindowsPowerShell\v1.0\;C:\Program Files\Java\jdk1.7.0_17\bin;C:\Program Files\Java\jdk1.7.0_17\jre\bin;D:\sjs备份文件\adt-bundle-windows-x86_64-20131030\sdk\platform-tools;D:\sjs备份文件\adt-bundle-windows-x86_64-20131030\sdk\tools;;C:\Program Files (x86)\NVIDIA Corporation\PhysX\Common;C:\Program Files (x86)\Windows Kits\8.1\Windows Performance Toolkit\;C:\Program Files\Microsoft SQL Server\110\Tools\Binn\;C:\Python27;C:\Program Files (x86)\QuickTime\QTSystem\
USERNAME=xdsjs
OS=Windows_NT
PROCESSOR_IDENTIFIER=Intel64 Family 6 Model 58 Stepping 9, GenuineIntel



---------------  S Y S T E M  ---------------

OS: Windows 8 , 64 bit Build 9200 

CPU:total 4 (2 cores per cpu, 2 threads per core) family 6 model 58 stepping 9, cmov, cx8, fxsr, mmx, sse, sse2, sse3, ssse3, sse4.1, sse4.2, popcnt, avx, ht, tsc, tscinvbit, tscinv

Memory: 4k page, physical 4008296k(749484k free), swap 4008296k(5540k free)

vm_info: Java HotSpot(TM) 64-Bit Server VM (23.7-b01) for windows-amd64 JRE (1.7.0_17-b02), built on Mar  1 2013 03:38:30 by "java_re" with unknown MS VC++:1600

time: Mon Oct 12 23:08:54 2015
elapsed time: 22 seconds

